{"meta": {"format": 3, "version": "7.13.5", "timestamp": "2026-04-12T21:10:44.523061", "branch_coverage": false, "show_contexts": false}, "files": {"src\\formatshield\\__init__.py": {"executed_lines": [26, 27, 29, 33, 34, 35, 37, 39], "summary": {"covered_lines": 8, "num_statements": 10, "percent_covered": 80.0, "percent_covered_display": "80", "missing_lines": 2, "excluded_lines": 0, "percent_statements_covered": 80.0, "percent_statements_covered_display": "80"}, "missing_lines": [30, 31], "excluded_lines": [], "functions": {"": {"executed_lines": [26, 27, 29, 33, 34, 35, 37, 39], "summary": {"covered_lines": 8, "num_statements": 10, "percent_covered": 80.0, "percent_covered_display": "80", "missing_lines": 2, "excluded_lines": 0, "percent_statements_covered": 80.0, "percent_statements_covered_display": "80"}, "missing_lines": [30, 31], "excluded_lines": [], "start_line": 1}}, "classes": {"": {"executed_lines": [26, 27, 29, 33, 34, 35, 37, 39], "summary": {"covered_lines": 8, "num_statements": 10, "percent_covered": 80.0, "percent_covered_display": "80", "missing_lines": 2, "excluded_lines": 0, "percent_statements_covered": 80.0, "percent_statements_covered_display": "80"}, "missing_lines": [30, 31], "excluded_lines": [], "start_line": 1}}}, "src\\formatshield\\_retry.py": {"executed_lines": [24, 26, 27, 28, 29, 30, 32, 34, 36, 39, 40, 67, 68, 69, 70, 71, 75, 96, 99, 107], "summary": {"covered_lines": 20, "num_statements": 42, "percent_covered": 47.61904761904762, "percent_covered_display": "48", "missing_lines": 22, "excluded_lines": 1, "percent_statements_covered": 47.61904761904762, "percent_statements_covered_display": "48"}, "missing_lines": [89, 90, 91, 92, 154, 158, 160, 161, 162, 163, 165, 166, 168, 169, 171, 172, 178, 180, 181, 190, 193, 194], "excluded_lines": [195], "functions": {"RetryConfig.delay_for": {"executed_lines": [], "summary": {"covered_lines": 0, "num_statements": 4, "percent_covered": 0.0, "percent_covered_display": "0", "missing_lines": 4, "excluded_lines": 0, "percent_statements_covered": 0.0, "percent_statements_covered_display": "0"}, "missing_lines": [89, 90, 91, 92], "excluded_lines": [], "start_line": 75}, "with_retry": {"executed_lines": [], "summary": {"covered_lines": 0, "num_statements": 18, "percent_covered": 0.0, "percent_covered_display": "0", "missing_lines": 18, "excluded_lines": 1, "percent_statements_covered": 0.0, "percent_statements_covered_display": "0"}, "missing_lines": [154, 158, 160, 161, 162, 163, 165, 166, 168, 169, 171, 172, 178, 180, 181, 190, 193, 194], "excluded_lines": [195], "start_line": 107}, "": {"executed_lines": [24, 26, 27, 28, 29, 30, 32, 34, 36, 39, 40, 67, 68, 69, 70, 71, 75, 96, 99, 107], "summary": {"covered_lines": 20, "num_statements": 20, "percent_covered": 100.0, "percent_covered_display": "100", "missing_lines": 0, "excluded_lines": 0, "percent_statements_covered": 100.0, "percent_statements_covered_display": "100"}, "missing_lines": [], "excluded_lines": [], "start_line": 1}}, "classes": {"RetryConfig": {"executed_lines": [], "summary": {"covered_lines": 0, "num_statements": 4, "percent_covered": 0.0, "percent_covered_display": "0", "missing_lines": 4, "excluded_lines": 0, "percent_statements_covered": 0.0, "percent_statements_covered_display": "0"}, "missing_lines": [89, 90, 91, 92], "excluded_lines": [], "start_line": 40}, "": {"executed_lines": [24, 26, 27, 28, 29, 30, 32, 34, 36, 39, 40, 67, 68, 69, 70, 71, 75, 96, 99, 107], "summary": {"covered_lines": 20, "num_statements": 38, "percent_covered": 52.63157894736842, "percent_covered_display": "53", "missing_lines": 18, "excluded_lines": 1, "percent_statements_covered": 52.63157894736842, "percent_statements_covered_display": "53"}, "missing_lines": [154, 158, 160, 161, 162, 163, 165, 166, 168, 169, 171, 172, 178, 180, 181, 190, 193, 194], "excluded_lines": [195], "start_line": 1}}}, "src\\formatshield\\backends\\__init__.py": {"executed_lines": [3, 4, 5, 6, 13, 15], "summary": {"covered_lines": 6, "num_statements": 6, "percent_covered": 100.0, "percent_covered_display": "100", "missing_lines": 0, "excluded_lines": 0, "percent_statements_covered": 100.0, "percent_statements_covered_display": "100"}, "missing_lines": [], "excluded_lines": [], "functions": {"": {"executed_lines": [3, 4, 5, 6, 13, 15], "summary": {"covered_lines": 6, "num_statements": 6, "percent_covered": 100.0, "percent_covered_display": "100", "missing_lines": 0, "excluded_lines": 0, "percent_statements_covered": 100.0, "percent_statements_covered_display": "100"}, "missing_lines": [], "excluded_lines": [], "start_line": 1}}, "classes": {"": {"executed_lines": [3, 4, 5, 6, 13, 15], "summary": {"covered_lines": 6, "num_statements": 6, "percent_covered": 100.0, "percent_covered_display": "100", "missing_lines": 0, "excluded_lines": 0, "percent_statements_covered": 100.0, "percent_statements_covered_display": "100"}, "missing_lines": [], "excluded_lines": [], "start_line": 1}}}, "src\\formatshield\\backends\\dryrun_backend.py": {"executed_lines": [27, 29, 30, 31, 32, 33, 35, 38, 68, 70, 77, 78, 79, 80, 81, 87, 88, 90, 92, 93, 104, 138, 140, 143, 144, 147, 149, 177, 214, 219, 225, 226, 228, 239, 240, 242, 243, 247, 249, 251, 253, 254, 255, 257, 258, 260, 262, 264, 266, 268, 269, 270, 294, 295, 297, 299], "summary": {"covered_lines": 56, "num_statements": 84, "percent_covered": 66.66666666666667, "percent_covered_display": "67", "missing_lines": 28, "excluded_lines": 0, "percent_statements_covered": 66.66666666666667, "percent_statements_covered_display": "67"}, "missing_lines": [98, 175, 183, 186, 187, 195, 196, 197, 198, 199, 200, 202, 244, 245, 265, 272, 273, 274, 276, 277, 279, 280, 283, 284, 285, 286, 288, 301], "excluded_lines": [], "functions": {"DryRunBackend.__init__": {"executed_lines": [77, 78, 79, 80, 81], "summary": {"covered_lines": 5, "num_statements": 5, "percent_covered": 100.0, "percent_covered_display": "100", "missing_lines": 0, "excluded_lines": 0, "percent_statements_covered": 100.0, "percent_statements_covered_display": "100"}, "missing_lines": [], "excluded_lines": [], "start_line": 70}, "DryRunBackend.supports_kv_cache_reuse": {"executed_lines": [90], "summary": {"covered_lines": 1, "num_statements": 1, "percent_covered": 100.0, "percent_covered_display": "100", "missing_lines": 0, "excluded_lines": 0, "percent_statements_covered": 100.0, "percent_statements_covered_display": "100"}, "missing_lines": [], "excluded_lines": [], "start_line": 88}, "DryRunBackend.accuracy_loss_baseline": {"executed_lines": [], "summary": {"covered_lines": 0, "num_statements": 1, "percent_covered": 0.0, "percent_covered_display": "0", "missing_lines": 1, "excluded_lines": 0, "percent_statements_covered": 0.0, "percent_statements_covered_display": "0"}, "missing_lines": [98], "excluded_lines": [], "start_line": 93}, "DryRunBackend.generate": {"executed_lines": [138, 140, 143, 144, 147], "summary": {"covered_lines": 5, "num_statements": 5, "percent_covered": 100.0, "percent_covered_display": "100", "missing_lines": 0, "excluded_lines": 0, "percent_statements_covered": 100.0, "percent_statements_covered_display": "100"}, "missing_lines": [], "excluded_lines": [], "start_line": 104}, "DryRunBackend.stream": {"executed_lines": [], "summary": {"covered_lines": 0, "num_statements": 1, "percent_covered": 0.0, "percent_covered_display": "0", "missing_lines": 1, "excluded_lines": 0, "percent_statements_covered": 0.0, "percent_statements_covered_display": "0"}, "missing_lines": [175], "excluded_lines": [], "start_line": 149}, "DryRunBackend._stream_impl": {"executed_lines": [], "summary": {"covered_lines": 0, "num_statements": 10, "percent_covered": 0.0, "percent_covered_display": "0", "missing_lines": 10, "excluded_lines": 0, "percent_statements_covered": 0.0, "percent_statements_covered_display": "0"}, "missing_lines": [183, 186, 187, 195, 196, 197, 198, 199, 200, 202], "excluded_lines": [], "start_line": 177}, "DryRunBackend._thinking_response": {"executed_lines": [219, 225, 226], "summary": {"covered_lines": 3, "num_statements": 3, "percent_covered": 100.0, "percent_covered_display": "100", "missing_lines": 0, "excluded_lines": 0, "percent_statements_covered": 100.0, "percent_statements_covered_display": "100"}, "missing_lines": [], "excluded_lines": [], "start_line": 214}, "DryRunBackend._json_response": {"executed_lines": [239, 240, 242, 243, 247], "summary": {"covered_lines": 5, "num_statements": 7, "percent_covered": 71.42857142857143, "percent_covered_display": "71", "missing_lines": 2, "excluded_lines": 0, "percent_statements_covered": 71.42857142857143, "percent_statements_covered_display": "71"}, "missing_lines": [244, 245], "excluded_lines": [], "start_line": 228}, "DryRunBackend._generate_from_schema": {"executed_lines": [251, 253, 254, 255, 257, 258, 260, 262, 264, 266, 268, 269, 270], "summary": {"covered_lines": 13, "num_statements": 26, "percent_covered": 50.0, "percent_covered_display": "50", "missing_lines": 13, "excluded_lines": 0, "percent_statements_covered": 50.0, "percent_statements_covered_display": "50"}, "missing_lines": [265, 272, 273, 274, 276, 277, 279, 280, 283, 284, 285, 286, 288], "excluded_lines": [], "start_line": 249}, "DryRunBackend.call_count": {"executed_lines": [297], "summary": {"covered_lines": 1, "num_statements": 1, "percent_covered": 100.0, "percent_covered_display": "100", "missing_lines": 0, "excluded_lines": 0, "percent_statements_covered": 100.0, "percent_statements_covered_display": "100"}, "missing_lines": [], "excluded_lines": [], "start_line": 295}, "DryRunBackend.reset_call_count": {"executed_lines": [], "summary": {"covered_lines": 0, "num_statements": 1, "percent_covered": 0.0, "percent_covered_display": "0", "missing_lines": 1, "excluded_lines": 0, "percent_statements_covered": 0.0, "percent_statements_covered_display": "0"}, "missing_lines": [301], "excluded_lines": [], "start_line": 299}, "": {"executed_lines": [27, 29, 30, 31, 32, 33, 35, 38, 68, 70, 87, 88, 92, 93, 104, 149, 177, 214, 228, 249, 294, 295, 299], "summary": {"covered_lines": 23, "num_statements": 23, "percent_covered": 100.0, "percent_covered_display": "100", "missing_lines": 0, "excluded_lines": 0, "percent_statements_covered": 100.0, "percent_statements_covered_display": "100"}, "missing_lines": [], "excluded_lines": [], "start_line": 1}}, "classes": {"DryRunBackend": {"executed_lines": [77, 78, 79, 80, 81, 90, 138, 140, 143, 144, 147, 219, 225, 226, 239, 240, 242, 243, 247, 251, 253, 254, 255, 257, 258, 260, 262, 264, 266, 268, 269, 270, 297], "summary": {"covered_lines": 33, "num_statements": 61, "percent_covered": 54.09836065573771, "percent_covered_display": "54", "missing_lines": 28, "excluded_lines": 0, "percent_statements_covered": 54.09836065573771, "percent_statements_covered_display": "54"}, "missing_lines": [98, 175, 183, 186, 187, 195, 196, 197, 198, 199, 200, 202, 244, 245, 265, 272, 273, 274, 276, 277, 279, 280, 283, 284, 285, 286, 288, 301], "excluded_lines": [], "start_line": 38}, "": {"executed_lines": [27, 29, 30, 31, 32, 33, 35, 38, 68, 70, 87, 88, 92, 93, 104, 149, 177, 214, 228, 249, 294, 295, 299], "summary": {"covered_lines": 23, "num_statements": 23, "percent_covered": 100.0, "percent_covered_display": "100", "missing_lines": 0, "excluded_lines": 0, "percent_statements_covered": 100.0, "percent_statements_covered_display": "100"}, "missing_lines": [], "excluded_lines": [], "start_line": 1}}}, "src\\formatshield\\backends\\groq_backend.py": {"executed_lines": [3, 5, 6, 7, 8, 10, 11, 13, 14, 17, 39, 41, 60, 61, 65, 66, 78, 109, 176, 209], "summary": {"covered_lines": 20, "num_statements": 64, "percent_covered": 31.25, "percent_covered_display": "31", "missing_lines": 44, "excluded_lines": 0, "percent_statements_covered": 31.25, "percent_statements_covered_display": "31"}, "missing_lines": [46, 47, 48, 52, 54, 63, 72, 85, 87, 90, 91, 102, 103, 146, 148, 156, 157, 159, 160, 161, 162, 163, 164, 165, 166, 167, 169, 207, 215, 217, 224, 225, 227, 228, 230, 231, 232, 233, 234, 235, 236, 242, 243, 245], "excluded_lines": [], "functions": {"GroqBackend.__init__": {"executed_lines": [], "summary": {"covered_lines": 0, "num_statements": 5, "percent_covered": 0.0, "percent_covered_display": "0", "missing_lines": 5, "excluded_lines": 0, "percent_statements_covered": 0.0, "percent_statements_covered_display": "0"}, "missing_lines": [46, 47, 48, 52, 54], "excluded_lines": [], "start_line": 41}, "GroqBackend.supports_kv_cache_reuse": {"executed_lines": [], "summary": {"covered_lines": 0, "num_statements": 1, "percent_covered": 0.0, "percent_covered_display": "0", "missing_lines": 1, "excluded_lines": 0, "percent_statements_covered": 0.0, "percent_statements_covered_display": "0"}, "missing_lines": [63], "excluded_lines": [], "start_line": 61}, "GroqBackend.accuracy_loss_baseline": {"executed_lines": [], "summary": {"covered_lines": 0, "num_statements": 1, "percent_covered": 0.0, "percent_covered_display": "0", "missing_lines": 1, "excluded_lines": 0, "percent_statements_covered": 0.0, "percent_statements_covered_display": "0"}, "missing_lines": [72], "excluded_lines": [], "start_line": 66}, "GroqBackend._build_messages": {"executed_lines": [], "summary": {"covered_lines": 0, "num_statements": 6, "percent_covered": 0.0, "percent_covered_display": "0", "missing_lines": 6, "excluded_lines": 0, "percent_statements_covered": 0.0, "percent_statements_covered_display": "0"}, "missing_lines": [85, 87, 90, 91, 102, 103], "excluded_lines": [], "start_line": 78}, "GroqBackend.generate": {"executed_lines": [], "summary": {"covered_lines": 0, "num_statements": 6, "percent_covered": 0.0, "percent_covered_display": "0", "missing_lines": 6, "excluded_lines": 0, "percent_statements_covered": 0.0, "percent_statements_covered_display": "0"}, "missing_lines": [146, 148, 156, 157, 159, 169], "excluded_lines": [], "start_line": 109}, "GroqBackend.generate._call": {"executed_lines": [], "summary": {"covered_lines": 0, "num_statements": 8, "percent_covered": 0.0, "percent_covered_display": "0", "missing_lines": 8, "excluded_lines": 0, "percent_statements_covered": 0.0, "percent_statements_covered_display": "0"}, "missing_lines": [160, 161, 162, 163, 164, 165, 166, 167], "excluded_lines": [], "start_line": 159}, "GroqBackend.stream": {"executed_lines": [], "summary": {"covered_lines": 0, "num_statements": 1, "percent_covered": 0.0, "percent_covered_display": "0", "missing_lines": 1, "excluded_lines": 0, "percent_statements_covered": 0.0, "percent_statements_covered_display": "0"}, "missing_lines": [207], "excluded_lines": [], "start_line": 176}, "GroqBackend._stream_impl": {"executed_lines": [], "summary": {"covered_lines": 0, "num_statements": 16, "percent_covered": 0.0, "percent_covered_display": "0", "missing_lines": 16, "excluded_lines": 0, "percent_statements_covered": 0.0, "percent_statements_covered_display": "0"}, "missing_lines": [215, 217, 224, 225, 227, 228, 230, 231, 232, 233, 234, 235, 236, 242, 243, 245], "excluded_lines": [], "start_line": 209}, "": {"executed_lines": [3, 5, 6, 7, 8, 10, 11, 13, 14, 17, 39, 41, 60, 61, 65, 66, 78, 109, 176, 209], "summary": {"covered_lines": 20, "num_statements": 20, "percent_covered": 100.0, "percent_covered_display": "100", "missing_lines": 0, "excluded_lines": 0, "percent_statements_covered": 100.0, "percent_statements_covered_display": "100"}, "missing_lines": [], "excluded_lines": [], "start_line": 1}}, "classes": {"GroqBackend": {"executed_lines": [], "summary": {"covered_lines": 0, "num_statements": 44, "percent_covered": 0.0, "percent_covered_display": "0", "missing_lines": 44, "excluded_lines": 0, "percent_statements_covered": 0.0, "percent_statements_covered_display": "0"}, "missing_lines": [46, 47, 48, 52, 54, 63, 72, 85, 87, 90, 91, 102, 103, 146, 148, 156, 157, 159, 160, 161, 162, 163, 164, 165, 166, 167, 169, 207, 215, 217, 224, 225, 227, 228, 230, 231, 232, 233, 234, 235, 236, 242, 243, 245], "excluded_lines": [], "start_line": 17}, "": {"executed_lines": [3, 5, 6, 7, 8, 10, 11, 13, 14, 17, 39, 41, 60, 61, 65, 66, 78, 109, 176, 209], "summary": {"covered_lines": 20, "num_statements": 20, "percent_covered": 100.0, "percent_covered_display": "100", "missing_lines": 0, "excluded_lines": 0, "percent_statements_covered": 100.0, "percent_statements_covered_display": "100"}, "missing_lines": [], "excluded_lines": [], "start_line": 1}}}, "src\\formatshield\\backends\\guidance_backend.py": {"executed_lines": [3, 5, 6, 7, 9, 12, 44, 46, 51, 52, 58, 59, 67, 69, 70, 81, 87, 131, 132, 133, 134, 135, 140, 141, 142, 143, 145, 146, 147, 148, 152, 154, 195, 197, 198, 199, 200, 201, 206, 207, 208, 209, 211, 212, 218, 219, 220, 221, 228], "summary": {"covered_lines": 49, "num_statements": 51, "percent_covered": 96.07843137254902, "percent_covered_display": "96", "missing_lines": 2, "excluded_lines": 0, "percent_statements_covered": 96.07843137254902, "percent_statements_covered_display": "96"}, "missing_lines": [213, 214], "excluded_lines": [], "functions": {"GuidanceBackend.__init__": {"executed_lines": [51, 52], "summary": {"covered_lines": 2, "num_statements": 2, "percent_covered": 100.0, "percent_covered_display": "100", "missing_lines": 0, "excluded_lines": 0, "percent_statements_covered": 100.0, "percent_statements_covered_display": "100"}, "missing_lines": [], "excluded_lines": [], "start_line": 46}, "GuidanceBackend.supports_kv_cache_reuse": {"executed_lines": [67], "summary": {"covered_lines": 1, "num_statements": 1, "percent_covered": 100.0, "percent_covered_display": "100", "missing_lines": 0, "excluded_lines": 0, "percent_statements_covered": 100.0, "percent_statements_covered_display": "100"}, "missing_lines": [], "excluded_lines": [], "start_line": 59}, "GuidanceBackend.accuracy_loss_baseline": {"executed_lines": [81], "summary": {"covered_lines": 1, "num_statements": 1, "percent_covered": 100.0, "percent_covered_display": "100", "missing_lines": 0, "excluded_lines": 0, "percent_statements_covered": 100.0, "percent_statements_covered_display": "100"}, "missing_lines": [], "excluded_lines": [], "start_line": 70}, "GuidanceBackend.generate": {"executed_lines": [131, 132, 133, 134, 135, 140, 141, 142, 143, 145, 146, 147, 148, 152], "summary": {"covered_lines": 14, "num_statements": 14, "percent_covered": 100.0, "percent_covered_display": "100", "missing_lines": 0, "excluded_lines": 0, "percent_statements_covered": 100.0, "percent_statements_covered_display": "100"}, "missing_lines": [], "excluded_lines": [], "start_line": 87}, "GuidanceBackend.stream": {"executed_lines": [195, 197, 198, 199, 200, 201, 206, 207, 208, 209, 211, 212, 218, 219, 220, 221, 228], "summary": {"covered_lines": 17, "num_statements": 19, "percent_covered": 89.47368421052632, "percent_covered_display": "89", "missing_lines": 2, "excluded_lines": 0, "percent_statements_covered": 89.47368421052632, "percent_statements_covered_display": "89"}, "missing_lines": [213, 214], "excluded_lines": [], "start_line": 154}, "": {"executed_lines": [3, 5, 6, 7, 9, 12, 44, 46, 58, 59, 69, 70, 87, 154], "summary": {"covered_lines": 14, "num_statements": 14, "percent_covered": 100.0, "percent_covered_display": "100", "missing_lines": 0, "excluded_lines": 0, "percent_statements_covered": 100.0, "percent_statements_covered_display": "100"}, "missing_lines": [], "excluded_lines": [], "start_line": 1}}, "classes": {"GuidanceBackend": {"executed_lines": [51, 52, 67, 81, 131, 132, 133, 134, 135, 140, 141, 142, 143, 145, 146, 147, 148, 152, 195, 197, 198, 199, 200, 201, 206, 207, 208, 209, 211, 212, 218, 219, 220, 221, 228], "summary": {"covered_lines": 35, "num_statements": 37, "percent_covered": 94.5945945945946, "percent_covered_display": "95", "missing_lines": 2, "excluded_lines": 0, "percent_statements_covered": 94.5945945945946, "percent_statements_covered_display": "95"}, "missing_lines": [213, 214], "excluded_lines": [], "start_line": 12}, "": {"executed_lines": [3, 5, 6, 7, 9, 12, 44, 46, 58, 59, 69, 70, 87, 154], "summary": {"covered_lines": 14, "num_statements": 14, "percent_covered": 100.0, "percent_covered_display": "100", "missing_lines": 0, "excluded_lines": 0, "percent_statements_covered": 100.0, "percent_statements_covered_display": "100"}, "missing_lines": [], "excluded_lines": [], "start_line": 1}}}, "src\\formatshield\\backends\\ollama_backend.py": {"executed_lines": [3, 5, 6, 8, 10, 11, 14, 34, 36, 49, 50, 54, 55, 69, 100, 172, 205], "summary": {"covered_lines": 17, "num_statements": 64, "percent_covered": 26.5625, "percent_covered_display": "27", "missing_lines": 47, "excluded_lines": 0, "percent_statements_covered": 26.5625, "percent_statements_covered_display": "27"}, "missing_lines": [41, 43, 52, 63, 76, 78, 80, 81, 82, 93, 94, 137, 138, 140, 146, 147, 149, 150, 151, 152, 153, 154, 155, 159, 162, 163, 165, 203, 211, 212, 214, 221, 222, 224, 225, 227, 228, 229, 230, 231, 232, 238, 239, 240, 241, 242, 246], "excluded_lines": [], "functions": {"OllamaBackend.__init__": {"executed_lines": [], "summary": {"covered_lines": 0, "num_statements": 2, "percent_covered": 0.0, "percent_covered_display": "0", "missing_lines": 2, "excluded_lines": 0, "percent_statements_covered": 0.0, "percent_statements_covered_display": "0"}, "missing_lines": [41, 43], "excluded_lines": [], "start_line": 36}, "OllamaBackend.supports_kv_cache_reuse": {"executed_lines": [], "summary": {"covered_lines": 0, "num_statements": 1, "percent_covered": 0.0, "percent_covered_display": "0", "missing_lines": 1, "excluded_lines": 0, "percent_statements_covered": 0.0, "percent_statements_covered_display": "0"}, "missing_lines": [52], "excluded_lines": [], "start_line": 50}, "OllamaBackend.accuracy_loss_baseline": {"executed_lines": [], "summary": {"covered_lines": 0, "num_statements": 1, "percent_covered": 0.0, "percent_covered_display": "0", "missing_lines": 1, "excluded_lines": 0, "percent_statements_covered": 0.0, "percent_statements_covered_display": "0"}, "missing_lines": [63], "excluded_lines": [], "start_line": 55}, "OllamaBackend._build_messages": {"executed_lines": [], "summary": {"covered_lines": 0, "num_statements": 7, "percent_covered": 0.0, "percent_covered_display": "0", "missing_lines": 7, "excluded_lines": 0, "percent_statements_covered": 0.0, "percent_statements_covered_display": "0"}, "missing_lines": [76, 78, 80, 81, 82, 93, 94], "excluded_lines": [], "start_line": 69}, "OllamaBackend.generate": {"executed_lines": [], "summary": {"covered_lines": 0, "num_statements": 7, "percent_covered": 0.0, "percent_covered_display": "0", "missing_lines": 7, "excluded_lines": 0, "percent_statements_covered": 0.0, "percent_statements_covered_display": "0"}, "missing_lines": [137, 138, 140, 146, 147, 149, 165], "excluded_lines": [], "start_line": 100}, "OllamaBackend.generate._call": {"executed_lines": [], "summary": {"covered_lines": 0, "num_statements": 9, "percent_covered": 0.0, "percent_covered_display": "0", "missing_lines": 9, "excluded_lines": 0, "percent_statements_covered": 0.0, "percent_statements_covered_display": "0"}, "missing_lines": [150, 151, 152, 153, 154, 155, 159, 162, 163], "excluded_lines": [], "start_line": 149}, "OllamaBackend.stream": {"executed_lines": [], "summary": {"covered_lines": 0, "num_statements": 1, "percent_covered": 0.0, "percent_covered_display": "0", "missing_lines": 1, "excluded_lines": 0, "percent_statements_covered": 0.0, "percent_statements_covered_display": "0"}, "missing_lines": [203], "excluded_lines": [], "start_line": 172}, "OllamaBackend._stream_impl": {"executed_lines": [], "summary": {"covered_lines": 0, "num_statements": 19, "percent_covered": 0.0, "percent_covered_display": "0", "missing_lines": 19, "excluded_lines": 0, "percent_statements_covered": 0.0, "percent_statements_covered_display": "0"}, "missing_lines": [211, 212, 214, 221, 222, 224, 225, 227, 228, 229, 230, 231, 232, 238, 239, 240, 241, 242, 246], "excluded_lines": [], "start_line": 205}, "": {"executed_lines": [3, 5, 6, 8, 10, 11, 14, 34, 36, 49, 50, 54, 55, 69, 100, 172, 205], "summary": {"covered_lines": 17, "num_statements": 17, "percent_covered": 100.0, "percent_covered_display": "100", "missing_lines": 0, "excluded_lines": 0, "percent_statements_covered": 100.0, "percent_statements_covered_display": "100"}, "missing_lines": [], "excluded_lines": [], "start_line": 1}}, "classes": {"OllamaBackend": {"executed_lines": [], "summary": {"covered_lines": 0, "num_statements": 47, "percent_covered": 0.0, "percent_covered_display": "0", "missing_lines": 47, "excluded_lines": 0, "percent_statements_covered": 0.0, "percent_statements_covered_display": "0"}, "missing_lines": [41, 43, 52, 63, 76, 78, 80, 81, 82, 93, 94, 137, 138, 140, 146, 147, 149, 150, 151, 152, 153, 154, 155, 159, 162, 163, 165, 203, 211, 212, 214, 221, 222, 224, 225, 227, 228, 229, 230, 231, 232, 238, 239, 240, 241, 242, 246], "excluded_lines": [], "start_line": 14}, "": {"executed_lines": [3, 5, 6, 8, 10, 11, 14, 34, 36, 49, 50, 54, 55, 69, 100, 172, 205], "summary": {"covered_lines": 17, "num_statements": 17, "percent_covered": 100.0, "percent_covered_display": "100", "missing_lines": 0, "excluded_lines": 0, "percent_statements_covered": 100.0, "percent_statements_covered_display": "100"}, "missing_lines": [], "excluded_lines": [], "start_line": 1}}}, "src\\formatshield\\backends\\openrouter_backend.py": {"executed_lines": [3, 5, 6, 7, 8, 10, 11, 13, 14, 16, 17, 23, 43, 45, 68, 69, 73, 74, 86, 115, 179, 212], "summary": {"covered_lines": 22, "num_statements": 66, "percent_covered": 33.333333333333336, "percent_covered_display": "33", "missing_lines": 44, "excluded_lines": 0, "percent_statements_covered": 33.333333333333336, "percent_statements_covered_display": "33"}, "missing_lines": [50, 51, 52, 56, 62, 71, 80, 93, 95, 96, 97, 108, 109, 151, 153, 159, 160, 162, 163, 164, 165, 166, 167, 168, 169, 170, 172, 210, 218, 220, 227, 228, 230, 231, 233, 234, 235, 236, 237, 238, 239, 245, 246, 248], "excluded_lines": [], "functions": {"OpenRouterBackend.__init__": {"executed_lines": [], "summary": {"covered_lines": 0, "num_statements": 5, "percent_covered": 0.0, "percent_covered_display": "0", "missing_lines": 5, "excluded_lines": 0, "percent_statements_covered": 0.0, "percent_statements_covered_display": "0"}, "missing_lines": [50, 51, 52, 56, 62], "excluded_lines": [], "start_line": 45}, "OpenRouterBackend.supports_kv_cache_reuse": {"executed_lines": [], "summary": {"covered_lines": 0, "num_statements": 1, "percent_covered": 0.0, "percent_covered_display": "0", "missing_lines": 1, "excluded_lines": 0, "percent_statements_covered": 0.0, "percent_statements_covered_display": "0"}, "missing_lines": [71], "excluded_lines": [], "start_line": 69}, "OpenRouterBackend.accuracy_loss_baseline": {"executed_lines": [], "summary": {"covered_lines": 0, "num_statements": 1, "percent_covered": 0.0, "percent_covered_display": "0", "missing_lines": 1, "excluded_lines": 0, "percent_statements_covered": 0.0, "percent_statements_covered_display": "0"}, "missing_lines": [80], "excluded_lines": [], "start_line": 74}, "OpenRouterBackend._build_messages": {"executed_lines": [], "summary": {"covered_lines": 0, "num_statements": 6, "percent_covered": 0.0, "percent_covered_display": "0", "missing_lines": 6, "excluded_lines": 0, "percent_statements_covered": 0.0, "percent_statements_covered_display": "0"}, "missing_lines": [93, 95, 96, 97, 108, 109], "excluded_lines": [], "start_line": 86}, "OpenRouterBackend.generate": {"executed_lines": [], "summary": {"covered_lines": 0, "num_statements": 6, "percent_covered": 0.0, "percent_covered_display": "0", "missing_lines": 6, "excluded_lines": 0, "percent_statements_covered": 0.0, "percent_statements_covered_display": "0"}, "missing_lines": [151, 153, 159, 160, 162, 172], "excluded_lines": [], "start_line": 115}, "OpenRouterBackend.generate._call": {"executed_lines": [], "summary": {"covered_lines": 0, "num_statements": 8, "percent_covered": 0.0, "percent_covered_display": "0", "missing_lines": 8, "excluded_lines": 0, "percent_statements_covered": 0.0, "percent_statements_covered_display": "0"}, "missing_lines": [163, 164, 165, 166, 167, 168, 169, 170], "excluded_lines": [], "start_line": 162}, "OpenRouterBackend.stream": {"executed_lines": [], "summary": {"covered_lines": 0, "num_statements": 1, "percent_covered": 0.0, "percent_covered_display": "0", "missing_lines": 1, "excluded_lines": 0, "percent_statements_covered": 0.0, "percent_statements_covered_display": "0"}, "missing_lines": [210], "excluded_lines": [], "start_line": 179}, "OpenRouterBackend._stream_impl": {"executed_lines": [], "summary": {"covered_lines": 0, "num_statements": 16, "percent_covered": 0.0, "percent_covered_display": "0", "missing_lines": 16, "excluded_lines": 0, "percent_statements_covered": 0.0, "percent_statements_covered_display": "0"}, "missing_lines": [218, 220, 227, 228, 230, 231, 233, 234, 235, 236, 237, 238, 239, 245, 246, 248], "excluded_lines": [], "start_line": 212}, "": {"executed_lines": [3, 5, 6, 7, 8, 10, 11, 13, 14, 16, 17, 23, 43, 45, 68, 69, 73, 74, 86, 115, 179, 212], "summary": {"covered_lines": 22, "num_statements": 22, "percent_covered": 100.0, "percent_covered_display": "100", "missing_lines": 0, "excluded_lines": 0, "percent_statements_covered": 100.0, "percent_statements_covered_display": "100"}, "missing_lines": [], "excluded_lines": [], "start_line": 1}}, "classes": {"OpenRouterBackend": {"executed_lines": [], "summary": {"covered_lines": 0, "num_statements": 44, "percent_covered": 0.0, "percent_covered_display": "0", "missing_lines": 44, "excluded_lines": 0, "percent_statements_covered": 0.0, "percent_statements_covered_display": "0"}, "missing_lines": [50, 51, 52, 56, 62, 71, 80, 93, 95, 96, 97, 108, 109, 151, 153, 159, 160, 162, 163, 164, 165, 166, 167, 168, 169, 170, 172, 210, 218, 220, 227, 228, 230, 231, 233, 234, 235, 236, 237, 238, 239, 245, 246, 248], "excluded_lines": [], "start_line": 23}, "": {"executed_lines": [3, 5, 6, 7, 8, 10, 11, 13, 14, 16, 17, 23, 43, 45, 68, 69, 73, 74, 86, 115, 179, 212], "summary": {"covered_lines": 22, "num_statements": 22, "percent_covered": 100.0, "percent_covered_display": "100", "missing_lines": 0, "excluded_lines": 0, "percent_statements_covered": 100.0, "percent_statements_covered_display": "100"}, "missing_lines": [], "excluded_lines": [], "start_line": 1}}}, "src\\formatshield\\backends\\outlines_backend.py": {"executed_lines": [3, 5, 6, 7, 9, 12, 40, 42, 47, 48, 54, 55, 63, 65, 66, 75, 81, 124, 125, 126, 127, 128, 129, 134, 135, 136, 137, 139, 140, 141, 142, 146, 148, 189, 191, 192, 193, 194, 195, 196, 201, 202, 203, 204, 206, 207, 213, 214, 215, 216, 223], "summary": {"covered_lines": 51, "num_statements": 53, "percent_covered": 96.22641509433963, "percent_covered_display": "96", "missing_lines": 2, "excluded_lines": 0, "percent_statements_covered": 96.22641509433963, "percent_statements_covered_display": "96"}, "missing_lines": [208, 209], "excluded_lines": [], "functions": {"OutlinesBackend.__init__": {"executed_lines": [47, 48], "summary": {"covered_lines": 2, "num_statements": 2, "percent_covered": 100.0, "percent_covered_display": "100", "missing_lines": 0, "excluded_lines": 0, "percent_statements_covered": 100.0, "percent_statements_covered_display": "100"}, "missing_lines": [], "excluded_lines": [], "start_line": 42}, "OutlinesBackend.supports_kv_cache_reuse": {"executed_lines": [63], "summary": {"covered_lines": 1, "num_statements": 1, "percent_covered": 100.0, "percent_covered_display": "100", "missing_lines": 0, "excluded_lines": 0, "percent_statements_covered": 100.0, "percent_statements_covered_display": "100"}, "missing_lines": [], "excluded_lines": [], "start_line": 55}, "OutlinesBackend.accuracy_loss_baseline": {"executed_lines": [75], "summary": {"covered_lines": 1, "num_statements": 1, "percent_covered": 100.0, "percent_covered_display": "100", "missing_lines": 0, "excluded_lines": 0, "percent_statements_covered": 100.0, "percent_statements_covered_display": "100"}, "missing_lines": [], "excluded_lines": [], "start_line": 66}, "OutlinesBackend.generate": {"executed_lines": [124, 125, 126, 127, 128, 129, 134, 135, 136, 137, 139, 140, 141, 142, 146], "summary": {"covered_lines": 15, "num_statements": 15, "percent_covered": 100.0, "percent_covered_display": "100", "missing_lines": 0, "excluded_lines": 0, "percent_statements_covered": 100.0, "percent_statements_covered_display": "100"}, "missing_lines": [], "excluded_lines": [], "start_line": 81}, "OutlinesBackend.stream": {"executed_lines": [189, 191, 192, 193, 194, 195, 196, 201, 202, 203, 204, 206, 207, 213, 214, 215, 216, 223], "summary": {"covered_lines": 18, "num_statements": 20, "percent_covered": 90.0, "percent_covered_display": "90", "missing_lines": 2, "excluded_lines": 0, "percent_statements_covered": 90.0, "percent_statements_covered_display": "90"}, "missing_lines": [208, 209], "excluded_lines": [], "start_line": 148}, "": {"executed_lines": [3, 5, 6, 7, 9, 12, 40, 42, 54, 55, 65, 66, 81, 148], "summary": {"covered_lines": 14, "num_statements": 14, "percent_covered": 100.0, "percent_covered_display": "100", "missing_lines": 0, "excluded_lines": 0, "percent_statements_covered": 100.0, "percent_statements_covered_display": "100"}, "missing_lines": [], "excluded_lines": [], "start_line": 1}}, "classes": {"OutlinesBackend": {"executed_lines": [47, 48, 63, 75, 124, 125, 126, 127, 128, 129, 134, 135, 136, 137, 139, 140, 141, 142, 146, 189, 191, 192, 193, 194, 195, 196, 201, 202, 203, 204, 206, 207, 213, 214, 215, 216, 223], "summary": {"covered_lines": 37, "num_statements": 39, "percent_covered": 94.87179487179488, "percent_covered_display": "95", "missing_lines": 2, "excluded_lines": 0, "percent_statements_covered": 94.87179487179488, "percent_statements_covered_display": "95"}, "missing_lines": [208, 209], "excluded_lines": [], "start_line": 12}, "": {"executed_lines": [3, 5, 6, 7, 9, 12, 40, 42, 54, 55, 65, 66, 81, 148], "summary": {"covered_lines": 14, "num_statements": 14, "percent_covered": 100.0, "percent_covered_display": "100", "missing_lines": 0, "excluded_lines": 0, "percent_statements_covered": 100.0, "percent_statements_covered_display": "100"}, "missing_lines": [], "excluded_lines": [], "start_line": 1}}}, "src\\formatshield\\backends\\protocol.py": {"executed_lines": [3, 5, 6, 15, 16, 18, 19, 27, 28, 38, 44, 77, 111, 112, 122, 123, 144, 154, 179, 208, 209, 210, 211, 215], "summary": {"covered_lines": 24, "num_statements": 34, "percent_covered": 70.58823529411765, "percent_covered_display": "71", "missing_lines": 10, "excluded_lines": 13, "percent_statements_covered": 70.58823529411765, "percent_statements_covered_display": "71"}, "missing_lines": [212, 244, 245, 246, 247, 249, 251, 252, 253, 255], "excluded_lines": [8, 9, 75, 76, 105, 106, 107, 120, 121, 136, 137, 138, 139], "functions": {"Backend.generate": {"executed_lines": [], "summary": {"covered_lines": 0, "num_statements": 0, "percent_covered": 100.0, "percent_covered_display": "100", "missing_lines": 0, "excluded_lines": 1, "percent_statements_covered": 100.0, "percent_statements_covered_display": "100"}, "missing_lines": [], "excluded_lines": [75], "start_line": 44}, "Backend.stream": {"executed_lines": [], "summary": {"covered_lines": 0, "num_statements": 0, "percent_covered": 100.0, "percent_covered_display": "100", "missing_lines": 0, "excluded_lines": 1, "percent_statements_covered": 100.0, "percent_statements_covered_display": "100"}, "missing_lines": [], "excluded_lines": [105], "start_line": 77}, "Backend.supports_kv_cache_reuse": {"executed_lines": [], "summary": {"covered_lines": 0, "num_statements": 0, "percent_covered": 100.0, "percent_covered_display": "100", "missing_lines": 0, "excluded_lines": 1, "percent_statements_covered": 100.0, "percent_statements_covered_display": "100"}, "missing_lines": [], "excluded_lines": [120], "start_line": 112}, "Backend.accuracy_loss_baseline": {"executed_lines": [], "summary": {"covered_lines": 0, "num_statements": 0, "percent_covered": 100.0, "percent_covered_display": "100", "missing_lines": 0, "excluded_lines": 1, "percent_statements_covered": 100.0, "percent_statements_covered_display": "100"}, "missing_lines": [], "excluded_lines": [136], "start_line": 123}, "get_backend_name_from_model": {"executed_lines": [208, 209, 210, 211], "summary": {"covered_lines": 4, "num_statements": 5, "percent_covered": 80.0, "percent_covered_display": "80", "missing_lines": 1, "excluded_lines": 0, "percent_statements_covered": 80.0, "percent_statements_covered_display": "80"}, "missing_lines": [212], "excluded_lines": [], "start_line": 179}, "get_model_family": {"executed_lines": [], "summary": {"covered_lines": 0, "num_statements": 9, "percent_covered": 0.0, "percent_covered_display": "0", "missing_lines": 9, "excluded_lines": 0, "percent_statements_covered": 0.0, "percent_statements_covered_display": "0"}, "missing_lines": [244, 245, 246, 247, 249, 251, 252, 253, 255], "excluded_lines": [], "start_line": 215}, "": {"executed_lines": [3, 5, 6, 15, 16, 18, 19, 27, 28, 38, 44, 77, 111, 112, 122, 123, 144, 154, 179, 215], "summary": {"covered_lines": 20, "num_statements": 20, "percent_covered": 100.0, "percent_covered_display": "100", "missing_lines": 0, "excluded_lines": 9, "percent_statements_covered": 100.0, "percent_statements_covered_display": "100"}, "missing_lines": [], "excluded_lines": [8, 9, 76, 106, 107, 121, 137, 138, 139], "start_line": 1}}, "classes": {"Backend": {"executed_lines": [], "summary": {"covered_lines": 0, "num_statements": 0, "percent_covered": 100.0, "percent_covered_display": "100", "missing_lines": 0, "excluded_lines": 4, "percent_statements_covered": 100.0, "percent_statements_covered_display": "100"}, "missing_lines": [], "excluded_lines": [75, 105, 120, 136], "start_line": 28}, "": {"executed_lines": [3, 5, 6, 15, 16, 18, 19, 27, 28, 38, 44, 77, 111, 112, 122, 123, 144, 154, 179, 208, 209, 210, 211, 215], "summary": {"covered_lines": 24, "num_statements": 34, "percent_covered": 70.58823529411765, "percent_covered_display": "71", "missing_lines": 10, "excluded_lines": 9, "percent_statements_covered": 70.58823529411765, "percent_statements_covered_display": "71"}, "missing_lines": [212, 244, 245, 246, 247, 249, 251, 252, 253, 255], "excluded_lines": [8, 9, 76, 106, 107, 121, 137, 138, 139], "start_line": 1}}}, "src\\formatshield\\backends\\vllm_backend.py": {"executed_lines": [3, 5, 6, 7, 9, 10, 12, 13, 16, 46, 48, 63, 64, 76, 77, 91, 126, 193, 226], "summary": {"covered_lines": 19, "num_statements": 63, "percent_covered": 30.158730158730158, "percent_covered_display": "30", "missing_lines": 44, "excluded_lines": 0, "percent_statements_covered": 30.158730158730158, "percent_statements_covered_display": "30"}, "missing_lines": [54, 55, 57, 74, 85, 99, 103, 104, 106, 107, 108, 119, 120, 165, 167, 173, 174, 176, 177, 178, 179, 180, 181, 182, 183, 184, 186, 224, 235, 237, 244, 245, 247, 248, 250, 251, 252, 253, 254, 255, 256, 262, 263, 265], "excluded_lines": [], "functions": {"VLLMBackend.__init__": {"executed_lines": [], "summary": {"covered_lines": 0, "num_statements": 3, "percent_covered": 0.0, "percent_covered_display": "0", "missing_lines": 3, "excluded_lines": 0, "percent_statements_covered": 0.0, "percent_statements_covered_display": "0"}, "missing_lines": [54, 55, 57], "excluded_lines": [], "start_line": 48}, "VLLMBackend.supports_kv_cache_reuse": {"executed_lines": [], "summary": {"covered_lines": 0, "num_statements": 1, "percent_covered": 0.0, "percent_covered_display": "0", "missing_lines": 1, "excluded_lines": 0, "percent_statements_covered": 0.0, "percent_statements_covered_display": "0"}, "missing_lines": [74], "excluded_lines": [], "start_line": 64}, "VLLMBackend.accuracy_loss_baseline": {"executed_lines": [], "summary": {"covered_lines": 0, "num_statements": 1, "percent_covered": 0.0, "percent_covered_display": "0", "missing_lines": 1, "excluded_lines": 0, "percent_statements_covered": 0.0, "percent_statements_covered_display": "0"}, "missing_lines": [85], "excluded_lines": [], "start_line": 77}, "VLLMBackend._build_messages": {"executed_lines": [], "summary": {"covered_lines": 0, "num_statements": 8, "percent_covered": 0.0, "percent_covered_display": "0", "missing_lines": 8, "excluded_lines": 0, "percent_statements_covered": 0.0, "percent_statements_covered_display": "0"}, "missing_lines": [99, 103, 104, 106, 107, 108, 119, 120], "excluded_lines": [], "start_line": 91}, "VLLMBackend.generate": {"executed_lines": [], "summary": {"covered_lines": 0, "num_statements": 6, "percent_covered": 0.0, "percent_covered_display": "0", "missing_lines": 6, "excluded_lines": 0, "percent_statements_covered": 0.0, "percent_statements_covered_display": "0"}, "missing_lines": [165, 167, 173, 174, 176, 186], "excluded_lines": [], "start_line": 126}, "VLLMBackend.generate._call": {"executed_lines": [], "summary": {"covered_lines": 0, "num_statements": 8, "percent_covered": 0.0, "percent_covered_display": "0", "missing_lines": 8, "excluded_lines": 0, "percent_statements_covered": 0.0, "percent_statements_covered_display": "0"}, "missing_lines": [177, 178, 179, 180, 181, 182, 183, 184], "excluded_lines": [], "start_line": 176}, "VLLMBackend.stream": {"executed_lines": [], "summary": {"covered_lines": 0, "num_statements": 1, "percent_covered": 0.0, "percent_covered_display": "0", "missing_lines": 1, "excluded_lines": 0, "percent_statements_covered": 0.0, "percent_statements_covered_display": "0"}, "missing_lines": [224], "excluded_lines": [], "start_line": 193}, "VLLMBackend._stream_impl": {"executed_lines": [], "summary": {"covered_lines": 0, "num_statements": 16, "percent_covered": 0.0, "percent_covered_display": "0", "missing_lines": 16, "excluded_lines": 0, "percent_statements_covered": 0.0, "percent_statements_covered_display": "0"}, "missing_lines": [235, 237, 244, 245, 247, 248, 250, 251, 252, 253, 254, 255, 256, 262, 263, 265], "excluded_lines": [], "start_line": 226}, "": {"executed_lines": [3, 5, 6, 7, 9, 10, 12, 13, 16, 46, 48, 63, 64, 76, 77, 91, 126, 193, 226], "summary": {"covered_lines": 19, "num_statements": 19, "percent_covered": 100.0, "percent_covered_display": "100", "missing_lines": 0, "excluded_lines": 0, "percent_statements_covered": 100.0, "percent_statements_covered_display": "100"}, "missing_lines": [], "excluded_lines": [], "start_line": 1}}, "classes": {"VLLMBackend": {"executed_lines": [], "summary": {"covered_lines": 0, "num_statements": 44, "percent_covered": 0.0, "percent_covered_display": "0", "missing_lines": 44, "excluded_lines": 0, "percent_statements_covered": 0.0, "percent_statements_covered_display": "0"}, "missing_lines": [54, 55, 57, 74, 85, 99, 103, 104, 106, 107, 108, 119, 120, 165, 167, 173, 174, 176, 177, 178, 179, 180, 181, 182, 183, 184, 186, 224, 235, 237, 244, 245, 247, 248, 250, 251, 252, 253, 254, 255, 256, 262, 263, 265], "excluded_lines": [], "start_line": 16}, "": {"executed_lines": [3, 5, 6, 7, 9, 10, 12, 13, 16, 46, 48, 63, 64, 76, 77, 91, 126, 193, 226], "summary": {"covered_lines": 19, "num_statements": 19, "percent_covered": 100.0, "percent_covered_display": "100", "missing_lines": 0, "excluded_lines": 0, "percent_statements_covered": 100.0, "percent_statements_covered_display": "100"}, "missing_lines": [], "excluded_lines": [], "start_line": 1}}}, "src\\formatshield\\benchmark\\__init__.py": {"executed_lines": [3, 4, 5, 7], "summary": {"covered_lines": 4, "num_statements": 4, "percent_covered": 100.0, "percent_covered_display": "100", "missing_lines": 0, "excluded_lines": 0, "percent_statements_covered": 100.0, "percent_statements_covered_display": "100"}, "missing_lines": [], "excluded_lines": [], "functions": {"": {"executed_lines": [3, 4, 5, 7], "summary": {"covered_lines": 4, "num_statements": 4, "percent_covered": 100.0, "percent_covered_display": "100", "missing_lines": 0, "excluded_lines": 0, "percent_statements_covered": 100.0, "percent_statements_covered_display": "100"}, "missing_lines": [], "excluded_lines": [], "start_line": 1}}, "classes": {"": {"executed_lines": [3, 4, 5, 7], "summary": {"covered_lines": 4, "num_statements": 4, "percent_covered": 100.0, "percent_covered_display": "100", "missing_lines": 0, "excluded_lines": 0, "percent_statements_covered": 100.0, "percent_statements_covered_display": "100"}, "missing_lines": [], "excluded_lines": [], "start_line": 1}}}, "src\\formatshield\\benchmark\\cross_backend.py": {"executed_lines": [3, 5, 6, 7, 9, 11, 13, 21, 31, 36, 37, 39, 45, 47, 49, 51, 52, 53, 59, 60, 61, 63, 64, 65, 67, 73, 75, 76, 77, 79, 81, 86, 87, 88, 90, 93, 94, 95, 96, 97, 98, 99, 101, 102, 103], "summary": {"covered_lines": 45, "num_statements": 45, "percent_covered": 100.0, "percent_covered_display": "100", "missing_lines": 0, "excluded_lines": 0, "percent_statements_covered": 100.0, "percent_statements_covered_display": "100"}, "missing_lines": [], "excluded_lines": [], "functions": {"CrossBackendBenchmark.__init__": {"executed_lines": [36, 37], "summary": {"covered_lines": 2, "num_statements": 2, "percent_covered": 100.0, "percent_covered_display": "100", "missing_lines": 0, "excluded_lines": 0, "percent_statements_covered": 100.0, "percent_statements_covered_display": "100"}, "missing_lines": [], "excluded_lines": [], "start_line": 31}, "CrossBackendBenchmark.run": {"executed_lines": [45, 47, 49, 51, 63, 64, 65], "summary": {"covered_lines": 7, "num_statements": 7, "percent_covered": 100.0, "percent_covered_display": "100", "missing_lines": 0, "excluded_lines": 0, "percent_statements_covered": 100.0, "percent_statements_covered_display": "100"}, "missing_lines": [], "excluded_lines": [], "start_line": 39}, "CrossBackendBenchmark.run._run_one": {"executed_lines": [52, 53, 59, 60, 61], "summary": {"covered_lines": 5, "num_statements": 5, "percent_covered": 100.0, "percent_covered_display": "100", "missing_lines": 0, "excluded_lines": 0, "percent_statements_covered": 100.0, "percent_statements_covered_display": "100"}, "missing_lines": [], "excluded_lines": [], "start_line": 51}, "CrossBackendBenchmark.get_format_tax_table": {"executed_lines": [73, 75, 76, 77, 79], "summary": {"covered_lines": 5, "num_statements": 5, "percent_covered": 100.0, "percent_covered_display": "100", "missing_lines": 0, "excluded_lines": 0, "percent_statements_covered": 100.0, "percent_statements_covered_display": "100"}, "missing_lines": [], "excluded_lines": [], "start_line": 67}, "CrossBackendBenchmark.train_oracle": {"executed_lines": [86, 87, 88, 90, 93, 94, 95, 96, 97, 98, 99, 101, 102, 103], "summary": {"covered_lines": 14, "num_statements": 14, "percent_covered": 100.0, "percent_covered_display": "100", "missing_lines": 0, "excluded_lines": 0, "percent_statements_covered": 100.0, "percent_statements_covered_display": "100"}, "missing_lines": [], "excluded_lines": [], "start_line": 81}, "": {"executed_lines": [3, 5, 6, 7, 9, 11, 13, 21, 31, 39, 67, 81], "summary": {"covered_lines": 12, "num_statements": 12, "percent_covered": 100.0, "percent_covered_display": "100", "missing_lines": 0, "excluded_lines": 0, "percent_statements_covered": 100.0, "percent_statements_covered_display": "100"}, "missing_lines": [], "excluded_lines": [], "start_line": 1}}, "classes": {"CrossBackendBenchmark": {"executed_lines": [36, 37, 45, 47, 49, 51, 52, 53, 59, 60, 61, 63, 64, 65, 73, 75, 76, 77, 79, 86, 87, 88, 90, 93, 94, 95, 96, 97, 98, 99, 101, 102, 103], "summary": {"covered_lines": 33, "num_statements": 33, "percent_covered": 100.0, "percent_covered_display": "100", "missing_lines": 0, "excluded_lines": 0, "percent_statements_covered": 100.0, "percent_statements_covered_display": "100"}, "missing_lines": [], "excluded_lines": [], "start_line": 21}, "": {"executed_lines": [3, 5, 6, 7, 9, 11, 13, 21, 31, 39, 67, 81], "summary": {"covered_lines": 12, "num_statements": 12, "percent_covered": 100.0, "percent_covered_display": "100", "missing_lines": 0, "excluded_lines": 0, "percent_statements_covered": 100.0, "percent_statements_covered_display": "100"}, "missing_lines": [], "excluded_lines": [], "start_line": 1}}}, "src\\formatshield\\benchmark\\exporters\\__init__.py": {"executed_lines": [1, 3], "summary": {"covered_lines": 2, "num_statements": 2, "percent_covered": 100.0, "percent_covered_display": "100", "missing_lines": 0, "excluded_lines": 0, "percent_statements_covered": 100.0, "percent_statements_covered_display": "100"}, "missing_lines": [], "excluded_lines": [], "functions": {"": {"executed_lines": [1, 3], "summary": {"covered_lines": 2, "num_statements": 2, "percent_covered": 100.0, "percent_covered_display": "100", "missing_lines": 0, "excluded_lines": 0, "percent_statements_covered": 100.0, "percent_statements_covered_display": "100"}, "missing_lines": [], "excluded_lines": [], "start_line": 1}}, "classes": {"": {"executed_lines": [1, 3], "summary": {"covered_lines": 2, "num_statements": 2, "percent_covered": 100.0, "percent_covered_display": "100", "missing_lines": 0, "excluded_lines": 0, "percent_statements_covered": 100.0, "percent_statements_covered_display": "100"}, "missing_lines": [], "excluded_lines": [], "start_line": 1}}}, "src\\formatshield\\benchmark\\exporters\\csv_exporter.py": {"executed_lines": [8, 10, 11, 12, 13, 14, 15, 17, 19, 25, 39, 53, 55, 58, 79, 104, 105, 107, 108, 109, 110, 111, 113, 114, 116, 140, 141, 143, 144, 145, 147, 148, 149, 164, 165, 166, 167, 169, 174, 176, 197, 198, 201, 202, 203, 204, 206, 207, 214, 217, 218, 221, 222, 223, 224, 225, 226, 227, 228, 229, 230, 231, 233, 234, 237, 247, 248, 249, 255, 261, 262, 264, 266, 267, 269, 271, 289, 290, 291, 292, 293, 294, 295, 297, 322, 323, 325, 336, 337, 338, 339, 340, 341, 342, 343, 358, 362, 364, 384, 385, 387, 388, 389, 391, 398, 399, 410, 411, 413, 417], "summary": {"covered_lines": 110, "num_statements": 111, "percent_covered": 99.09909909909909, "percent_covered_display": "99", "missing_lines": 1, "excluded_lines": 0, "percent_statements_covered": 99.09909909909909, "percent_statements_covered_display": "99"}, "missing_lines": [268], "excluded_lines": [], "functions": {"_mean": {"executed_lines": [55], "summary": {"covered_lines": 1, "num_statements": 1, "percent_covered": 100.0, "percent_covered_display": "100", "missing_lines": 0, "excluded_lines": 0, "percent_statements_covered": 100.0, "percent_statements_covered_display": "100"}, "missing_lines": [], "excluded_lines": [], "start_line": 53}, "CSVExporter.export": {"executed_lines": [104, 105, 107, 108, 109, 110, 111, 113, 114], "summary": {"covered_lines": 9, "num_statements": 9, "percent_covered": 100.0, "percent_covered_display": "100", "missing_lines": 0, "excluded_lines": 0, "percent_statements_covered": 100.0, "percent_statements_covered_display": "100"}, "missing_lines": [], "excluded_lines": [], "start_line": 79}, "CSVExporter.export_summary": {"executed_lines": [140, 141, 143, 144, 145, 147, 148, 149, 164, 165, 166, 167, 169, 174], "summary": {"covered_lines": 14, "num_statements": 14, "percent_covered": 100.0, "percent_covered_display": "100", "missing_lines": 0, "excluded_lines": 0, "percent_statements_covered": 100.0, "percent_statements_covered_display": "100"}, "missing_lines": [], "excluded_lines": [], "start_line": 116}, "CSVExporter.generate_latex_table": {"executed_lines": [197, 198, 201, 202, 203, 204, 206, 207, 214, 217, 218, 221, 222, 223, 224, 225, 226, 227, 228, 229, 230, 231, 233, 234, 237, 247, 248, 249, 255], "summary": {"covered_lines": 29, "num_statements": 29, "percent_covered": 100.0, "percent_covered_display": "100", "missing_lines": 0, "excluded_lines": 0, "percent_statements_covered": 100.0, "percent_statements_covered_display": "100"}, "missing_lines": [], "excluded_lines": [], "start_line": 176}, "CSVExporter._result_to_row": {"executed_lines": [264, 266, 267, 269], "summary": {"covered_lines": 4, "num_statements": 5, "percent_covered": 80.0, "percent_covered_display": "80", "missing_lines": 1, "excluded_lines": 0, "percent_statements_covered": 80.0, "percent_statements_covered_display": "80"}, "missing_lines": [268], "excluded_lines": [], "start_line": 262}, "CSVExporter.load": {"executed_lines": [289, 290, 291, 292, 293, 294, 295], "summary": {"covered_lines": 7, "num_statements": 7, "percent_covered": 100.0, "percent_covered_display": "100", "missing_lines": 0, "excluded_lines": 0, "percent_statements_covered": 100.0, "percent_statements_covered_display": "100"}, "missing_lines": [], "excluded_lines": [], "start_line": 271}, "CSVExporter.export_failure_modes": {"executed_lines": [322, 323, 325, 336, 337, 338, 339, 340, 341, 342, 343, 358, 362], "summary": {"covered_lines": 13, "num_statements": 13, "percent_covered": 100.0, "percent_covered_display": "100", "missing_lines": 0, "excluded_lines": 0, "percent_statements_covered": 100.0, "percent_statements_covered_display": "100"}, "missing_lines": [], "excluded_lines": [], "start_line": 297}, "CSVExporter.generate_summary_json": {"executed_lines": [384, 385, 387, 388, 389, 391, 398, 399, 410, 411, 413, 417], "summary": {"covered_lines": 12, "num_statements": 12, "percent_covered": 100.0, "percent_covered_display": "100", "missing_lines": 0, "excluded_lines": 0, "percent_statements_covered": 100.0, "percent_statements_covered_display": "100"}, "missing_lines": [], "excluded_lines": [], "start_line": 364}, "": {"executed_lines": [8, 10, 11, 12, 13, 14, 15, 17, 19, 25, 39, 53, 58, 79, 116, 176, 261, 262, 271, 297, 364], "summary": {"covered_lines": 21, "num_statements": 21, "percent_covered": 100.0, "percent_covered_display": "100", "missing_lines": 0, "excluded_lines": 0, "percent_statements_covered": 100.0, "percent_statements_covered_display": "100"}, "missing_lines": [], "excluded_lines": [], "start_line": 1}}, "classes": {"CSVExporter": {"executed_lines": [104, 105, 107, 108, 109, 110, 111, 113, 114, 140, 141, 143, 144, 145, 147, 148, 149, 164, 165, 166, 167, 169, 174, 197, 198, 201, 202, 203, 204, 206, 207, 214, 217, 218, 221, 222, 223, 224, 225, 226, 227, 228, 229, 230, 231, 233, 234, 237, 247, 248, 249, 255, 264, 266, 267, 269, 289, 290, 291, 292, 293, 294, 295, 322, 323, 325, 336, 337, 338, 339, 340, 341, 342, 343, 358, 362, 384, 385, 387, 388, 389, 391, 398, 399, 410, 411, 413, 417], "summary": {"covered_lines": 88, "num_statements": 89, "percent_covered": 98.87640449438203, "percent_covered_display": "99", "missing_lines": 1, "excluded_lines": 0, "percent_statements_covered": 98.87640449438203, "percent_statements_covered_display": "99"}, "missing_lines": [268], "excluded_lines": [], "start_line": 58}, "": {"executed_lines": [8, 10, 11, 12, 13, 14, 15, 17, 19, 25, 39, 53, 55, 58, 79, 116, 176, 261, 262, 271, 297, 364], "summary": {"covered_lines": 22, "num_statements": 22, "percent_covered": 100.0, "percent_covered_display": "100", "missing_lines": 0, "excluded_lines": 0, "percent_statements_covered": 100.0, "percent_statements_covered_display": "100"}, "missing_lines": [], "excluded_lines": [], "start_line": 1}}}, "src\\formatshield\\benchmark\\exporters\\latex_exporter.py": {"executed_lines": [8, 10, 11, 12, 13, 15, 17, 23, 30, 47, 75, 76, 78, 79, 88, 90, 92, 93, 94, 97, 100, 101, 103, 104, 105, 106, 107, 109, 110, 111, 112, 113, 114, 123, 124, 126, 136, 137, 138, 140, 141, 147, 148, 149, 151, 175, 176, 178, 179, 186, 188, 190, 191, 193, 194, 195, 197, 198, 199, 200, 202, 203, 205, 206, 207, 208, 211, 215, 216, 218, 225, 227, 237, 238, 239, 245, 246, 247, 249, 274, 275, 277, 278, 283, 286, 288, 289, 290, 291, 292, 293, 295, 297, 298, 300, 301, 302, 303, 304, 309, 311, 321, 322, 323, 329, 330, 331, 335, 360, 361, 363, 364, 365, 367, 368, 369, 371, 376, 381, 387, 388, 406, 418, 419, 420, 422, 423, 441, 442, 443, 444, 445, 446, 447], "summary": {"covered_lines": 134, "num_statements": 134, "percent_covered": 100.0, "percent_covered_display": "100", "missing_lines": 0, "excluded_lines": 0, "percent_statements_covered": 100.0, "percent_statements_covered_display": "100"}, "missing_lines": [], "excluded_lines": [], "functions": {"LaTeXExporter.export_main_table": {"executed_lines": [75, 76, 78, 79, 88, 90, 92, 93, 94, 97, 100, 101, 103, 104, 105, 106, 107, 109, 110, 111, 112, 113, 114, 123, 124, 126, 136, 137, 138, 140, 141, 147, 148, 149], "summary": {"covered_lines": 34, "num_statements": 34, "percent_covered": 100.0, "percent_covered_display": "100", "missing_lines": 0, "excluded_lines": 0, "percent_statements_covered": 100.0, "percent_statements_covered_display": "100"}, "missing_lines": [], "excluded_lines": [], "start_line": 47}, "LaTeXExporter.export_summary_stats": {"executed_lines": [175, 176, 178, 179, 186, 188, 190, 191, 193, 194, 195, 197, 198, 199, 200, 202, 203, 205, 206, 207, 208, 211, 215, 216, 218, 225, 227, 237, 238, 239, 245, 246, 247], "summary": {"covered_lines": 33, "num_statements": 33, "percent_covered": 100.0, "percent_covered_display": "100", "missing_lines": 0, "excluded_lines": 0, "percent_statements_covered": 100.0, "percent_statements_covered_display": "100"}, "missing_lines": [], "excluded_lines": [], "start_line": 151}, "LaTeXExporter.export_complexity_breakdown": {"executed_lines": [274, 275, 277, 278, 283, 286, 288, 289, 290, 291, 292, 293, 295, 297, 298, 300, 301, 302, 303, 304, 309, 311, 321, 322, 323, 329, 330, 331], "summary": {"covered_lines": 28, "num_statements": 28, "percent_covered": 100.0, "percent_covered_display": "100", "missing_lines": 0, "excluded_lines": 0, "percent_statements_covered": 100.0, "percent_statements_covered_display": "100"}, "missing_lines": [], "excluded_lines": [], "start_line": 249}, "LaTeXExporter.generate_paper_tables": {"executed_lines": [360, 361, 363, 364, 365, 367, 368, 369, 371, 376, 381], "summary": {"covered_lines": 11, "num_statements": 11, "percent_covered": 100.0, "percent_covered_display": "100", "missing_lines": 0, "excluded_lines": 0, "percent_statements_covered": 100.0, "percent_statements_covered_display": "100"}, "missing_lines": [], "excluded_lines": [], "start_line": 335}, "LaTeXExporter._escape_latex": {"executed_lines": [406, 418, 419, 420], "summary": {"covered_lines": 4, "num_statements": 4, "percent_covered": 100.0, "percent_covered_display": "100", "missing_lines": 0, "excluded_lines": 0, "percent_statements_covered": 100.0, "percent_statements_covered_display": "100"}, "missing_lines": [], "excluded_lines": [], "start_line": 388}, "LaTeXExporter._format_delta": {"executed_lines": [441, 442, 443, 444, 445, 446, 447], "summary": {"covered_lines": 7, "num_statements": 7, "percent_covered": 100.0, "percent_covered_display": "100", "missing_lines": 0, "excluded_lines": 0, "percent_statements_covered": 100.0, "percent_statements_covered_display": "100"}, "missing_lines": [], "excluded_lines": [], "start_line": 423}, "": {"executed_lines": [8, 10, 11, 12, 13, 15, 17, 23, 30, 47, 151, 249, 335, 387, 388, 422, 423], "summary": {"covered_lines": 17, "num_statements": 17, "percent_covered": 100.0, "percent_covered_display": "100", "missing_lines": 0, "excluded_lines": 0, "percent_statements_covered": 100.0, "percent_statements_covered_display": "100"}, "missing_lines": [], "excluded_lines": [], "start_line": 1}}, "classes": {"LaTeXExporter": {"executed_lines": [75, 76, 78, 79, 88, 90, 92, 93, 94, 97, 100, 101, 103, 104, 105, 106, 107, 109, 110, 111, 112, 113, 114, 123, 124, 126, 136, 137, 138, 140, 141, 147, 148, 149, 175, 176, 178, 179, 186, 188, 190, 191, 193, 194, 195, 197, 198, 199, 200, 202, 203, 205, 206, 207, 208, 211, 215, 216, 218, 225, 227, 237, 238, 239, 245, 246, 247, 274, 275, 277, 278, 283, 286, 288, 289, 290, 291, 292, 293, 295, 297, 298, 300, 301, 302, 303, 304, 309, 311, 321, 322, 323, 329, 330, 331, 360, 361, 363, 364, 365, 367, 368, 369, 371, 376, 381, 406, 418, 419, 420, 441, 442, 443, 444, 445, 446, 447], "summary": {"covered_lines": 117, "num_statements": 117, "percent_covered": 100.0, "percent_covered_display": "100", "missing_lines": 0, "excluded_lines": 0, "percent_statements_covered": 100.0, "percent_statements_covered_display": "100"}, "missing_lines": [], "excluded_lines": [], "start_line": 30}, "": {"executed_lines": [8, 10, 11, 12, 13, 15, 17, 23, 30, 47, 151, 249, 335, 387, 388, 422, 423], "summary": {"covered_lines": 17, "num_statements": 17, "percent_covered": 100.0, "percent_covered_display": "100", "missing_lines": 0, "excluded_lines": 0, "percent_statements_covered": 100.0, "percent_statements_covered_display": "100"}, "missing_lines": [], "excluded_lines": [], "start_line": 1}}}, "src\\formatshield\\benchmark\\exporters\\png_exporter.py": {"executed_lines": [11, 13, 14, 15, 16, 18, 20, 23, 26, 27, 30, 46, 84, 85, 86, 87, 88, 89, 92, 94, 95, 96, 99, 100, 101, 103, 104, 107, 108, 109, 110, 111, 112, 115, 117, 120, 121, 122, 123, 126, 127, 128, 129, 130, 131, 132, 134, 135, 136, 137, 139, 140, 141, 142, 144, 145, 147, 174, 175, 176, 177, 181, 183, 184, 185, 188, 189, 190, 191, 193, 194, 195, 197, 198, 200, 201, 202, 204, 205, 206, 207, 208, 209, 211, 212, 213, 214, 216, 217, 219, 256, 257, 258, 262, 264, 265, 266, 268, 270, 271, 272, 273, 277, 278, 279, 280, 281, 282, 284, 285, 286, 287, 289, 290, 292, 317, 318, 320, 322, 323, 325, 326, 328, 329, 330, 331, 336, 338, 341, 345, 346, 347, 349, 350, 351, 352], "summary": {"covered_lines": 136, "num_statements": 140, "percent_covered": 97.14285714285714, "percent_covered_display": "97", "missing_lines": 4, "excluded_lines": 0, "percent_statements_covered": 97.14285714285714, "percent_statements_covered_display": "97"}, "missing_lines": [178, 179, 259, 260], "excluded_lines": [], "functions": {"PNGExporter.export_heatmap": {"executed_lines": [84, 85, 86, 87, 88, 89, 92, 94, 95, 96, 99, 100, 101, 103, 104, 107, 108, 109, 110, 111, 112, 115, 117, 120, 121, 122, 123, 126, 127, 128, 129, 130, 131, 132, 134, 135, 136, 137, 139, 140, 141, 142, 144, 145], "summary": {"covered_lines": 44, "num_statements": 44, "percent_covered": 100.0, "percent_covered_display": "100", "missing_lines": 0, "excluded_lines": 0, "percent_statements_covered": 100.0, "percent_statements_covered_display": "100"}, "missing_lines": [], "excluded_lines": [], "start_line": 46}, "PNGExporter.export_latency_bars": {"executed_lines": [174, 175, 176, 177, 181, 183, 184, 185, 188, 189, 190, 191, 193, 194, 195, 197, 198, 200, 201, 202, 204, 205, 206, 207, 208, 209, 211, 212, 213, 214, 216, 217], "summary": {"covered_lines": 32, "num_statements": 34, "percent_covered": 94.11764705882354, "percent_covered_display": "94", "missing_lines": 2, "excluded_lines": 0, "percent_statements_covered": 94.11764705882354, "percent_statements_covered_display": "94"}, "missing_lines": [178, 179], "excluded_lines": [], "start_line": 147}, "PNGExporter.export_threshold_curve": {"executed_lines": [256, 257, 258, 262, 264, 265, 266, 268, 270, 271, 272, 273, 277, 278, 279, 280, 281, 282, 284, 285, 286, 287, 289, 290], "summary": {"covered_lines": 24, "num_statements": 26, "percent_covered": 92.3076923076923, "percent_covered_display": "92", "missing_lines": 2, "excluded_lines": 0, "percent_statements_covered": 92.3076923076923, "percent_statements_covered_display": "92"}, "missing_lines": [259, 260], "excluded_lines": [], "start_line": 219}, "PNGExporter.generate_paper_figures": {"executed_lines": [317, 318, 320, 322, 323, 325, 326, 328, 329, 330, 331, 336, 338], "summary": {"covered_lines": 13, "num_statements": 13, "percent_covered": 100.0, "percent_covered_display": "100", "missing_lines": 0, "excluded_lines": 0, "percent_statements_covered": 100.0, "percent_statements_covered_display": "100"}, "missing_lines": [], "excluded_lines": [], "start_line": 292}, "_aggregate_by_backend_task": {"executed_lines": [345, 346, 347, 349, 350, 351, 352], "summary": {"covered_lines": 7, "num_statements": 7, "percent_covered": 100.0, "percent_covered_display": "100", "missing_lines": 0, "excluded_lines": 0, "percent_statements_covered": 100.0, "percent_statements_covered_display": "100"}, "missing_lines": [], "excluded_lines": [], "start_line": 341}, "": {"executed_lines": [11, 13, 14, 15, 16, 18, 20, 23, 26, 27, 30, 46, 147, 219, 292, 341], "summary": {"covered_lines": 16, "num_statements": 16, "percent_covered": 100.0, "percent_covered_display": "100", "missing_lines": 0, "excluded_lines": 0, "percent_statements_covered": 100.0, "percent_statements_covered_display": "100"}, "missing_lines": [], "excluded_lines": [], "start_line": 1}}, "classes": {"PNGExporter": {"executed_lines": [84, 85, 86, 87, 88, 89, 92, 94, 95, 96, 99, 100, 101, 103, 104, 107, 108, 109, 110, 111, 112, 115, 117, 120, 121, 122, 123, 126, 127, 128, 129, 130, 131, 132, 134, 135, 136, 137, 139, 140, 141, 142, 144, 145, 174, 175, 176, 177, 181, 183, 184, 185, 188, 189, 190, 191, 193, 194, 195, 197, 198, 200, 201, 202, 204, 205, 206, 207, 208, 209, 211, 212, 213, 214, 216, 217, 256, 257, 258, 262, 264, 265, 266, 268, 270, 271, 272, 273, 277, 278, 279, 280, 281, 282, 284, 285, 286, 287, 289, 290, 317, 318, 320, 322, 323, 325, 326, 328, 329, 330, 331, 336, 338], "summary": {"covered_lines": 113, "num_statements": 117, "percent_covered": 96.58119658119658, "percent_covered_display": "97", "missing_lines": 4, "excluded_lines": 0, "percent_statements_covered": 96.58119658119658, "percent_statements_covered_display": "97"}, "missing_lines": [178, 179, 259, 260], "excluded_lines": [], "start_line": 30}, "": {"executed_lines": [11, 13, 14, 15, 16, 18, 20, 23, 26, 27, 30, 46, 147, 219, 292, 341, 345, 346, 347, 349, 350, 351, 352], "summary": {"covered_lines": 23, "num_statements": 23, "percent_covered": 100.0, "percent_covered_display": "100", "missing_lines": 0, "excluded_lines": 0, "percent_statements_covered": 100.0, "percent_statements_covered_display": "100"}, "missing_lines": [], "excluded_lines": [], "start_line": 1}}}, "src\\formatshield\\benchmark\\harness.py": {"executed_lines": [24, 26, 27, 28, 29, 30, 31, 32, 34, 36, 44, 46, 51, 54, 66, 67, 70, 71, 74, 75, 78, 79, 82, 83, 85, 88, 90, 91, 92, 95, 97, 98, 99, 101, 102, 103, 112, 114, 115, 116, 117, 128, 162, 167, 168, 169, 170, 171, 173, 174, 180, 220, 221, 223, 224, 226, 227, 228, 229, 230, 232, 234, 235, 243, 244, 249, 250, 251, 252, 256, 259, 260, 261, 264, 270, 273, 274, 277, 278, 281, 282, 285, 293, 306, 309, 311, 313, 351, 352, 358, 365, 366, 367, 368, 369, 370, 372, 374, 375, 377, 378, 379, 380, 381, 388, 390, 391, 393, 394, 397, 400, 401, 405, 407, 409, 433, 435, 436, 437, 439, 442, 446, 449, 453, 456, 460, 463, 464, 465, 466, 468, 473, 479, 485, 487, 488, 490, 491, 492, 494, 495], "summary": {"covered_lines": 141, "num_statements": 156, "percent_covered": 90.38461538461539, "percent_covered_display": "90", "missing_lines": 15, "excluded_lines": 0, "percent_statements_covered": 90.38461538461539, "percent_statements_covered_display": "90"}, "missing_lines": [104, 105, 107, 108, 109, 118, 119, 120, 253, 254, 255, 265, 266, 269, 392], "excluded_lines": [], "functions": {"_compute_complexity_score": {"executed_lines": [46, 51], "summary": {"covered_lines": 2, "num_statements": 2, "percent_covered": 100.0, "percent_covered_display": "100", "missing_lines": 0, "excluded_lines": 0, "percent_statements_covered": 100.0, "percent_statements_covered_display": "100"}, "missing_lines": [], "excluded_lines": [], "start_line": 44}, "_detect_failure_modes": {"executed_lines": [66, 67, 70, 71, 74, 75, 78, 79, 82, 83, 85], "summary": {"covered_lines": 11, "num_statements": 11, "percent_covered": 100.0, "percent_covered_display": "100", "missing_lines": 0, "excluded_lines": 0, "percent_statements_covered": 100.0, "percent_statements_covered_display": "100"}, "missing_lines": [], "excluded_lines": [], "start_line": 54}, "_get_problem_prompt": {"executed_lines": [90, 91, 92], "summary": {"covered_lines": 3, "num_statements": 3, "percent_covered": 100.0, "percent_covered_display": "100", "missing_lines": 0, "excluded_lines": 0, "percent_statements_covered": 100.0, "percent_statements_covered_display": "100"}, "missing_lines": [], "excluded_lines": [], "start_line": 88}, "_get_task_schema": {"executed_lines": [97, 98, 99, 101, 102, 103], "summary": {"covered_lines": 6, "num_statements": 11, "percent_covered": 54.54545454545455, "percent_covered_display": "55", "missing_lines": 5, "excluded_lines": 0, "percent_statements_covered": 54.54545454545455, "percent_statements_covered_display": "55"}, "missing_lines": [104, 105, 107, 108, 109], "excluded_lines": [], "start_line": 95}, "_parse_response": {"executed_lines": [114, 115, 116, 117], "summary": {"covered_lines": 4, "num_statements": 7, "percent_covered": 57.142857142857146, "percent_covered_display": "57", "missing_lines": 3, "excluded_lines": 0, "percent_statements_covered": 57.142857142857146, "percent_statements_covered_display": "57"}, "missing_lines": [118, 119, 120], "excluded_lines": [], "start_line": 112}, "BenchmarkHarness.__init__": {"executed_lines": [167, 168, 169, 170, 171, 173, 174], "summary": {"covered_lines": 7, "num_statements": 7, "percent_covered": 100.0, "percent_covered_display": "100", "missing_lines": 0, "excluded_lines": 0, "percent_statements_covered": 100.0, "percent_statements_covered_display": "100"}, "missing_lines": [], "excluded_lines": [], "start_line": 162}, "BenchmarkHarness.run_task_on_backend": {"executed_lines": [220, 221, 223, 224, 226, 227, 228, 229, 230, 232, 234, 235, 243, 244, 249, 250, 251, 252, 256, 259, 260, 261, 264, 270, 273, 274, 277, 278, 281, 282, 285, 293, 306, 309, 311], "summary": {"covered_lines": 35, "num_statements": 41, "percent_covered": 85.36585365853658, "percent_covered_display": "85", "missing_lines": 6, "excluded_lines": 0, "percent_statements_covered": 85.36585365853658, "percent_statements_covered_display": "85"}, "missing_lines": [253, 254, 255, 265, 266, 269], "excluded_lines": [], "start_line": 180}, "BenchmarkHarness.run": {"executed_lines": [351, 352, 358, 365, 366, 367, 368, 369, 370, 372, 374, 375, 377, 378, 379, 380, 381, 388, 390, 391, 393, 394, 397, 400, 401, 405, 407], "summary": {"covered_lines": 27, "num_statements": 28, "percent_covered": 96.42857142857143, "percent_covered_display": "96", "missing_lines": 1, "excluded_lines": 0, "percent_statements_covered": 96.42857142857143, "percent_statements_covered_display": "96"}, "missing_lines": [392], "excluded_lines": [], "start_line": 313}, "BenchmarkHarness.generate_artifacts": {"executed_lines": [433, 435, 436, 437, 439, 442, 446, 449, 453, 456, 460, 463, 464, 465, 466, 468, 473], "summary": {"covered_lines": 17, "num_statements": 17, "percent_covered": 100.0, "percent_covered_display": "100", "missing_lines": 0, "excluded_lines": 0, "percent_statements_covered": 100.0, "percent_statements_covered_display": "100"}, "missing_lines": [], "excluded_lines": [], "start_line": 409}, "BenchmarkHarness._write_raw_jsonl": {"executed_lines": [485, 487, 488, 490, 491, 492, 494, 495], "summary": {"covered_lines": 8, "num_statements": 8, "percent_covered": 100.0, "percent_covered_display": "100", "missing_lines": 0, "excluded_lines": 0, "percent_statements_covered": 100.0, "percent_statements_covered_display": "100"}, "missing_lines": [], "excluded_lines": [], "start_line": 479}, "": {"executed_lines": [24, 26, 27, 28, 29, 30, 31, 32, 34, 36, 44, 54, 88, 95, 112, 128, 162, 180, 313, 409, 479], "summary": {"covered_lines": 21, "num_statements": 21, "percent_covered": 100.0, "percent_covered_display": "100", "missing_lines": 0, "excluded_lines": 0, "percent_statements_covered": 100.0, "percent_statements_covered_display": "100"}, "missing_lines": [], "excluded_lines": [], "start_line": 1}}, "classes": {"BenchmarkHarness": {"executed_lines": [167, 168, 169, 170, 171, 173, 174, 220, 221, 223, 224, 226, 227, 228, 229, 230, 232, 234, 235, 243, 244, 249, 250, 251, 252, 256, 259, 260, 261, 264, 270, 273, 274, 277, 278, 281, 282, 285, 293, 306, 309, 311, 351, 352, 358, 365, 366, 367, 368, 369, 370, 372, 374, 375, 377, 378, 379, 380, 381, 388, 390, 391, 393, 394, 397, 400, 401, 405, 407, 433, 435, 436, 437, 439, 442, 446, 449, 453, 456, 460, 463, 464, 465, 466, 468, 473, 485, 487, 488, 490, 491, 492, 494, 495], "summary": {"covered_lines": 94, "num_statements": 101, "percent_covered": 93.06930693069307, "percent_covered_display": "93", "missing_lines": 7, "excluded_lines": 0, "percent_statements_covered": 93.06930693069307, "percent_statements_covered_display": "93"}, "missing_lines": [253, 254, 255, 265, 266, 269, 392], "excluded_lines": [], "start_line": 128}, "": {"executed_lines": [24, 26, 27, 28, 29, 30, 31, 32, 34, 36, 44, 46, 51, 54, 66, 67, 70, 71, 74, 75, 78, 79, 82, 83, 85, 88, 90, 91, 92, 95, 97, 98, 99, 101, 102, 103, 112, 114, 115, 116, 117, 128, 162, 180, 313, 409, 479], "summary": {"covered_lines": 47, "num_statements": 55, "percent_covered": 85.45454545454545, "percent_covered_display": "85", "missing_lines": 8, "excluded_lines": 0, "percent_statements_covered": 85.45454545454545, "percent_statements_covered_display": "85"}, "missing_lines": [104, 105, 107, 108, 109, 118, 119, 120], "excluded_lines": [], "start_line": 1}}}, "src\\formatshield\\benchmark\\tasks\\__init__.py": {"executed_lines": [1, 2, 3, 5], "summary": {"covered_lines": 4, "num_statements": 4, "percent_covered": 100.0, "percent_covered_display": "100", "missing_lines": 0, "excluded_lines": 0, "percent_statements_covered": 100.0, "percent_statements_covered_display": "100"}, "missing_lines": [], "excluded_lines": [], "functions": {"": {"executed_lines": [1, 2, 3, 5], "summary": {"covered_lines": 4, "num_statements": 4, "percent_covered": 100.0, "percent_covered_display": "100", "missing_lines": 0, "excluded_lines": 0, "percent_statements_covered": 100.0, "percent_statements_covered_display": "100"}, "missing_lines": [], "excluded_lines": [], "start_line": 1}}, "classes": {"": {"executed_lines": [1, 2, 3, 5], "summary": {"covered_lines": 4, "num_statements": 4, "percent_covered": 100.0, "percent_covered_display": "100", "missing_lines": 0, "excluded_lines": 0, "percent_statements_covered": 100.0, "percent_statements_covered_display": "100"}, "missing_lines": [], "excluded_lines": [], "start_line": 1}}}, "src\\formatshield\\benchmark\\tasks\\agent_state.py": {"executed_lines": [16, 18, 19, 21, 23, 26, 29, 30, 32, 33, 35, 36, 38, 39, 41, 42, 49, 213, 216, 241, 242, 243, 244, 246, 269, 270, 279, 304, 305, 306, 308, 309, 311, 314, 315, 317, 318, 320, 325, 327, 343], "summary": {"covered_lines": 41, "num_statements": 42, "percent_covered": 97.61904761904762, "percent_covered_display": "98", "missing_lines": 1, "excluded_lines": 0, "percent_statements_covered": 97.61904761904762, "percent_statements_covered_display": "98"}, "missing_lines": [312], "excluded_lines": [], "functions": {"AgentStateTask.get_problems": {"executed_lines": [269, 270], "summary": {"covered_lines": 2, "num_statements": 2, "percent_covered": 100.0, "percent_covered_display": "100", "missing_lines": 0, "excluded_lines": 0, "percent_statements_covered": 100.0, "percent_statements_covered_display": "100"}, "missing_lines": [], "excluded_lines": [], "start_line": 246}, "AgentStateTask.score_response": {"executed_lines": [304, 305, 306, 308, 309, 311, 314, 315, 317, 318, 320, 325], "summary": {"covered_lines": 12, "num_statements": 13, "percent_covered": 92.3076923076923, "percent_covered_display": "92", "missing_lines": 1, "excluded_lines": 0, "percent_statements_covered": 92.3076923076923, "percent_statements_covered_display": "92"}, "missing_lines": [312], "excluded_lines": [], "start_line": 279}, "AgentStateTask.build_prompt": {"executed_lines": [343], "summary": {"covered_lines": 1, "num_statements": 1, "percent_covered": 100.0, "percent_covered_display": "100", "missing_lines": 0, "excluded_lines": 0, "percent_statements_covered": 100.0, "percent_statements_covered_display": "100"}, "missing_lines": [], "excluded_lines": [], "start_line": 327}, "": {"executed_lines": [16, 18, 19, 21, 23, 26, 29, 30, 32, 33, 35, 36, 38, 39, 41, 42, 49, 213, 216, 241, 242, 243, 244, 246, 279, 327], "summary": {"covered_lines": 26, "num_statements": 26, "percent_covered": 100.0, "percent_covered_display": "100", "missing_lines": 0, "excluded_lines": 0, "percent_statements_covered": 100.0, "percent_statements_covered_display": "100"}, "missing_lines": [], "excluded_lines": [], "start_line": 1}}, "classes": {"AgentState": {"executed_lines": [], "summary": {"covered_lines": 0, "num_statements": 0, "percent_covered": 100.0, "percent_covered_display": "100", "missing_lines": 0, "excluded_lines": 0, "percent_statements_covered": 100.0, "percent_statements_covered_display": "100"}, "missing_lines": [], "excluded_lines": [], "start_line": 26}, "AgentStateTask": {"executed_lines": [269, 270, 304, 305, 306, 308, 309, 311, 314, 315, 317, 318, 320, 325, 343], "summary": {"covered_lines": 15, "num_statements": 16, "percent_covered": 93.75, "percent_covered_display": "94", "missing_lines": 1, "excluded_lines": 0, "percent_statements_covered": 93.75, "percent_statements_covered_display": "94"}, "missing_lines": [312], "excluded_lines": [], "start_line": 216}, "": {"executed_lines": [16, 18, 19, 21, 23, 26, 29, 30, 32, 33, 35, 36, 38, 39, 41, 42, 49, 213, 216, 241, 242, 243, 244, 246, 279, 327], "summary": {"covered_lines": 26, "num_statements": 26, "percent_covered": 100.0, "percent_covered_display": "100", "missing_lines": 0, "excluded_lines": 0, "percent_statements_covered": 100.0, "percent_statements_covered_display": "100"}, "missing_lines": [], "excluded_lines": [], "start_line": 1}}}, "src\\formatshield\\benchmark\\tasks\\classification.py": {"executed_lines": [17, 19, 20, 22, 24, 26, 39, 42, 43, 45, 46, 48, 49, 51, 52, 59, 168, 171, 201, 202, 203, 204, 206, 226, 227, 229, 251, 252, 253, 255, 256, 259, 261, 262, 268, 270, 285, 286], "summary": {"covered_lines": 38, "num_statements": 39, "percent_covered": 97.43589743589743, "percent_covered_display": "97", "missing_lines": 1, "excluded_lines": 0, "percent_statements_covered": 97.43589743589743, "percent_statements_covered_display": "97"}, "missing_lines": [257], "excluded_lines": [], "functions": {"ClassificationTask.get_problems": {"executed_lines": [226, 227], "summary": {"covered_lines": 2, "num_statements": 2, "percent_covered": 100.0, "percent_covered_display": "100", "missing_lines": 0, "excluded_lines": 0, "percent_statements_covered": 100.0, "percent_statements_covered_display": "100"}, "missing_lines": [], "excluded_lines": [], "start_line": 206}, "ClassificationTask.score_response": {"executed_lines": [251, 252, 253, 255, 256, 259, 261, 262, 268], "summary": {"covered_lines": 9, "num_statements": 10, "percent_covered": 90.0, "percent_covered_display": "90", "missing_lines": 1, "excluded_lines": 0, "percent_statements_covered": 90.0, "percent_statements_covered_display": "90"}, "missing_lines": [257], "excluded_lines": [], "start_line": 229}, "ClassificationTask.build_prompt": {"executed_lines": [285, 286], "summary": {"covered_lines": 2, "num_statements": 2, "percent_covered": 100.0, "percent_covered_display": "100", "missing_lines": 0, "excluded_lines": 0, "percent_statements_covered": 100.0, "percent_statements_covered_display": "100"}, "missing_lines": [], "excluded_lines": [], "start_line": 270}, "": {"executed_lines": [17, 19, 20, 22, 24, 26, 39, 42, 43, 45, 46, 48, 49, 51, 52, 59, 168, 171, 201, 202, 203, 204, 206, 229, 270], "summary": {"covered_lines": 25, "num_statements": 25, "percent_covered": 100.0, "percent_covered_display": "100", "missing_lines": 0, "excluded_lines": 0, "percent_statements_covered": 100.0, "percent_statements_covered_display": "100"}, "missing_lines": [], "excluded_lines": [], "start_line": 1}}, "classes": {"ClassificationResult": {"executed_lines": [], "summary": {"covered_lines": 0, "num_statements": 0, "percent_covered": 100.0, "percent_covered_display": "100", "missing_lines": 0, "excluded_lines": 0, "percent_statements_covered": 100.0, "percent_statements_covered_display": "100"}, "missing_lines": [], "excluded_lines": [], "start_line": 39}, "ClassificationTask": {"executed_lines": 
[...]
nes": 1, "num_statements": 1, "percent_covered": 100.0, "percent_covered_display": "100", "missing_lines": 0, "excluded_lines": 0, "percent_statements_covered": 100.0, "percent_statements_covered_display": "100"}, "missing_lines": [], "excluded_lines": [], "start_line": 39}, "StreamingEngine._stream_filtered": {"executed_lines": [65, 66, 67, 68], "summary": {"covered_lines": 4, "num_statements": 4, "percent_covered": 100.0, "percent_covered_display": "100", "missing_lines": 0, "excluded_lines": 0, "percent_statements_covered": 100.0, "percent_statements_covered_display": "100"}, "missing_lines": [], "excluded_lines": [], "start_line": 60}, "StreamingEngine.stream_with_thinking": {"executed_lines": [88], "summary": {"covered_lines": 1, "num_statements": 1, "percent_covered": 100.0, "percent_covered_display": "100", "missing_lines": 0, "excluded_lines": 0, "percent_statements_covered": 100.0, "percent_statements_covered_display": "100"}, "missing_lines": [], "excluded_lines": [], "start_line": 70}, "StreamingEngine._stream_all": {"executed_lines": [94, 95], "summary": {"covered_lines": 2, "num_statements": 2, "percent_covered": 100.0, "percent_covered_display": "100", "missing_lines": 0, "excluded_lines": 0, "percent_statements_covered": 100.0, "percent_statements_covered_display": "100"}, "missing_lines": [], "excluded_lines": [], "start_line": 90}, "StreamingEngine.collect": {"executed_lines": [129, 130, 131, 133, 134, 135, 136, 137, 138, 139, 140, 142, 146, 147, 149, 151], "summary": {"covered_lines": 16, "num_statements": 16, "percent_covered": 100.0, "percent_covered_display": "100", "missing_lines": 0, "excluded_lines": 0, "percent_statements_covered": 100.0, "percent_statements_covered_display": "100"}, "missing_lines": [], "excluded_lines": [], "start_line": 101}, "StreamingEngine.to_sse": {"executed_lines": [184, 185], "summary": {"covered_lines": 2, "num_statements": 2, "percent_covered": 100.0, "percent_covered_display": "100", "missing_lines": 0, "excluded_lines": 0, "percent_statements_covered": 100.0, "percent_statements_covered_display": "100"}, "missing_lines": [], "excluded_lines": [], "start_line": 158}, "StreamingEngine.from_text": {"executed_lines": [230], "summary": {"covered_lines": 1, "num_statements": 1, "percent_covered": 100.0, "percent_covered_display": "100", "missing_lines": 0, "excluded_lines": 0, "percent_statements_covered": 100.0, "percent_statements_covered_display": "100"}, "missing_lines": [], "excluded_lines": [], "start_line": 192}, "StreamingEngine._text_generator": {"executed_lines": [237, 238, 240, 241, 243], "summary": {"covered_lines": 5, "num_statements": 5, "percent_covered": 100.0, "percent_covered_display": "100", "missing_lines": 0, "excluded_lines": 0, "percent_statements_covered": 100.0, "percent_statements_covered_display": "100"}, "missing_lines": [], "excluded_lines": [], "start_line": 233}, "": {"executed_lines": [3, 5, 6, 8, 11, 32, 39, 60, 70, 90, 101, 157, 158, 191, 192, 232, 233], "summary": {"covered_lines": 17, "num_statements": 17, "percent_covered": 100.0, "percent_covered_display": "100", "missing_lines": 0, "excluded_lines": 0, "percent_statements_covered": 100.0, "percent_statements_covered_display": "100"}, "missing_lines": [], "excluded_lines": [], "start_line": 1}}, "classes": {"StreamingEngine": {"executed_lines": [33, 58, 65, 66, 67, 68, 88, 94, 95, 129, 130, 131, 133, 134, 135, 136, 137, 138, 139, 140, 142, 146, 147, 149, 151, 184, 185, 230, 237, 238, 240, 241, 243], "summary": {"covered_lines": 33, "num_statements": 33, "percent_covered": 100.0, "percent_covered_display": "100", "missing_lines": 0, "excluded_lines": 0, "percent_statements_covered": 100.0, "percent_statements_covered_display": "100"}, "missing_lines": [], "excluded_lines": [], "start_line": 11}, "": {"executed_lines": [3, 5, 6, 8, 11, 32, 39, 60, 70, 90, 101, 157, 158, 191, 192, 232, 233], "summary": {"covered_lines": 17, "num_statements": 17, "percent_covered": 100.0, "percent_covered_display": "100", "missing_lines": 0, "excluded_lines": 0, "percent_statements_covered": 100.0, "percent_statements_covered_display": "100"}, "missing_lines": [], "excluded_lines": [], "start_line": 1}}}, "src\\formatshield\\ttf\\__init__.py": {"executed_lines": [1, 2, 3, 5], "summary": {"covered_lines": 4, "num_statements": 4, "percent_covered": 100.0, "percent_covered_display": "100", "missing_lines": 0, "excluded_lines": 0, "percent_statements_covered": 100.0, "percent_statements_covered_display": "100"}, "missing_lines": [], "excluded_lines": [], "functions": {"": {"executed_lines": [1, 2, 3, 5], "summary": {"covered_lines": 4, "num_statements": 4, "percent_covered": 100.0, "percent_covered_display": "100", "missing_lines": 0, "excluded_lines": 0, "percent_statements_covered": 100.0, "percent_statements_covered_display": "100"}, "missing_lines": [], "excluded_lines": [], "start_line": 1}}, "classes": {"": {"executed_lines": [1, 2, 3, 5], "summary": {"covered_lines": 4, "num_statements": 4, "percent_covered": 100.0, "percent_covered_display": "100", "missing_lines": 0, "excluded_lines": 0, "percent_statements_covered": 100.0, "percent_statements_covered_display": "100"}, "missing_lines": [], "excluded_lines": [], "start_line": 1}}}, "src\\formatshield\\ttf\\engine.py": {"executed_lines": [12, 14, 15, 16, 17, 19, 21, 22, 27, 30, 66, 72, 73, 74, 80, 115, 120, 121, 127, 128, 133, 136, 137, 138, 139, 143, 145, 152, 157, 158, 164, 166, 168, 174, 201, 206, 208, 209, 214, 216, 217, 222, 223, 224, 225, 231, 232, 243, 244, 249, 251, 252, 257, 258, 259, 260, 266, 267, 281, 282, 283, 284, 285, 286, 291, 303, 327, 331, 341, 362, 363, 365, 366, 371, 372, 373, 376, 377, 378, 380, 381, 382, 383, 387], "summary": {"covered_lines": 84, "num_statements": 96, "percent_covered": 87.5, "percent_covered_display": "88", "missing_lines": 12, "excluded_lines": 2, "percent_statements_covered": 87.5, "percent_statements_covered_display": "88"}, "missing_lines": [199, 233, 234, 236, 268, 269, 270, 276, 364, 388, 389, 390], "excluded_lines": [24, 25], "functions": {"TTFEngine.__init__": {"executed_lines": [72, 73, 74], "summary": {"covered_lines": 3, "num_statements": 3, "percent_covered": 100.0, "percent_covered_display": "100", "missing_lines": 0, "excluded_lines": 0, "percent_statements_covered": 100.0, "percent_statements_covered_display": "100"}, "missing_lines": [], "excluded_lines": [], "start_line": 66}, "TTFEngine.generate": {"executed_lines": [115, 120, 121, 127, 128, 133, 136, 137, 138, 139, 143, 145, 152, 157, 158, 164, 166, 168], "summary": {"covered_lines": 18, "num_statements": 18, "percent_covered": 100.0, "percent_covered_display": "100", "missing_lines": 0, "excluded_lines": 0, "percent_statements_covered": 100.0, "percent_statements_covered_display": "100"}, "missing_lines": [], "excluded_lines": [], "start_line": 80}, "TTFEngine.stream": {"executed_lines": [], "summary": {"covered_lines": 0, "num_statements": 1, "percent_covered": 0.0, "percent_covered_display": "0", "missing_lines": 1, "excluded_lines": 0, "percent_statements_covered": 0.0, "percent_statements_covered_display": "0"}, "missing_lines": [199], "excluded_lines": [], "start_line": 174}, "TTFEngine._stream_impl": {"executed_lines": [206, 208, 209, 214, 216, 217, 222, 223, 224, 225, 231, 232, 243, 244, 249, 251, 252, 257, 258, 259, 260, 266, 267, 281, 282, 283, 284, 285, 286, 291], "summary": {"covered_lines": 30, "num_statements": 37, "percent_covered": 81.08108108108108, "percent_covered_display": "81", "missing_lines": 7, "excluded_lines": 0, "percent_statements_covered": 81.08108108108108, "percent_statements_covered_display": "81"}, "missing_lines": [233, 234, 236, 268, 269, 270, 276], "excluded_lines": [], "start_line": 201}, "TTFEngine.generate_direct": {"executed_lines": [327, 331], "summary": {"covered_lines": 2, "num_statements": 2, "percent_covered": 100.0, "percent_covered_display": "100", "missing_lines": 0, "excluded_lines": 0, "percent_statements_covered": 100.0, "percent_statements_covered_display": "100"}, "missing_lines": [], "excluded_lines": [], "start_line": 303}, "TTFEngine._validate_or_fallback": {"executed_lines": [362, 363, 365, 366, 371, 372, 373, 376, 377, 378, 380, 381, 382, 383, 387], "summary": {"covered_lines": 15, "num_statements": 19, "percent_covered": 78.94736842105263, "percent_covered_display": "79", "missing_lines": 4, "excluded_lines": 0, "percent_statements_covered": 78.94736842105263, "percent_statements_covered_display": "79"}, "missing_lines": [364, 388, 389, 390], "excluded_lines": [], "start_line": 341}, "": {"executed_lines": [12, 14, 15, 16, 17, 19, 21, 22, 27, 30, 66, 80, 174, 201, 303, 341], "summary": {"covered_lines": 16, "num_statements": 16, "percent_covered": 100.0, "percent_covered_display": "100", "missing_lines": 0, "excluded_lines": 2, "percent_statements_covered": 100.0, "percent_statements_covered_display": "100"}, "missing_lines": [], "excluded_lines": [24, 25], "start_line": 1}}, "classes": {"TTFEngine": {"executed_lines": [72, 73, 74, 115, 120, 121, 127, 128, 133, 136, 137, 138, 139, 143, 145, 152, 157, 158, 164, 166, 168, 206, 208, 209, 214, 216, 217, 222, 223, 224, 225, 231, 232, 243, 244, 249, 251, 252, 257, 258, 259, 260, 266, 267, 281, 282, 283, 284, 285, 286, 291, 327, 331, 362, 363, 365, 366, 371, 372, 373, 376, 377, 378, 380, 381, 382, 383, 387], "summary": {"covered_lines": 68, "num_statements": 80, "percent_covered": 85.0, "percent_covered_display": "85", "missing_lines": 12, "excluded_lines": 0, "percent_statements_covered": 85.0, "percent_statements_covered_display": "85"}, "missing_lines": [199, 233, 234, 236, 268, 269, 270, 276, 364, 388, 389, 390], "excluded_lines": [], "start_line": 30}, "": {"executed_lines": [12, 14, 15, 16, 17, 19, 21, 22, 27, 30, 66, 80, 174, 201, 303, 341], "summary": {"covered_lines": 16, "num_statements": 16, "percent_covered": 100.0, "percent_covered_display": "100", "missing_lines": 0, "excluded_lines": 2, "percent_statements_covered": 100.0, "percent_statements_covered_display": "100"}, "missing_lines": [], "excluded_lines": [24, 25], "start_line": 1}}}, "src\\formatshield\\ttf\\failure_detector.py": {"executed_lines": [23, 25, 26, 28, 29, 31, 42, 58, 66, 82, 86, 87, 90, 122, 145, 146, 154, 180, 182, 210, 212, 213, 214, 222, 223, 226, 227, 228, 234, 240, 242, 243, 245, 246, 248, 249, 251, 252, 254, 255, 257, 258, 260, 261, 268, 274, 275, 281, 283, 286, 288, 290, 291, 297, 299, 300, 308, 310, 311, 324, 325, 328, 329, 331, 332, 340, 342, 343, 351, 359, 361, 364, 367, 368, 369, 372, 373, 374, 375, 376, 378, 379, 380, 383, 384, 385, 386, 387, 389], "summary": {"covered_lines": 89, "num_statements": 95, "percent_covered": 93.6842105263158, "percent_covered_display": "94", "missing_lines": 6, "excluded_lines": 0, "percent_statements_covered": 93.6842105263158, "percent_statements_covered_display": "94"}, "missing_lines": [147, 148, 152, 284, 362, 381], "excluded_lines": [], "functions": {"FailureModeDetector.detect": {"executed_lines": [145, 146], "summary": {"covered_lines": 2, "num_statements": 5, "percent_covered": 40.0, "percent_covered_display": "40", "missing_lines": 3, "excluded_lines": 0, "percent_statements_covered": 40.0, "percent_statements_covered_display": "40"}, "missing_lines": [147, 148, 152], "excluded_lines": [], "start_line": 122}, "FailureModeDetector.should_override_to_direct": {"executed_lines": [180], "summary": {"covered_lines": 1, "num_statements": 1, "percent_covered": 100.0, "percent_covered_display": "100", "missing_lines": 0, "excluded_lines": 0, "percent_statements_covered": 100.0, "percent_statements_covered_display": "100"}, "missing_lines": [], "excluded_lines": [], "start_line": 154}, "FailureModeDetector.check": {"executed_lines": [210, 212, 213, 214, 222, 223, 226, 227, 228], "summary": {"covered_lines": 9, "num_statements": 9, "percent_covered": 100.0, "percent_covered_display": "100", "missing_lines": 0, "excluded_lines": 0, "percent_statements_covered": 100.0, "percent_statements_covered_display": "100"}, "missing_lines": [], "excluded_lines": [], "start_line": 182}, "FailureModeDetector._detect_impl": {"executed_lines": [240, 242, 243, 245, 246, 248, 249, 251, 252, 254, 255, 257, 258, 260, 261, 268], "summary": {"covered_lines": 16, "num_statements": 16, "percent_covered": 100.0, "percent_covered_display": "100", "missing_lines": 0, "excluded_lines": 0, "percent_statements_covered": 100.0, "percent_statements_covered_display": "100"}, "missing_lines": [], "excluded_lines": [], "start_line": 234}, "FailureModeDetector._is_native_thinker": {"executed_lines": [281, 283, 286, 288], "summary": {"covered_lines": 4, "num_statements": 5, "percent_covered": 80.0, "percent_covered_display": "80", "missing_lines": 1, "excluded_lines": 0, "percent_statements_covered": 80.0, "percent_statements_covered_display": "80"}, "missing_lines": [284], "excluded_lines": [], "start_line": 275}, "FailureModeDetector._is_short_prompt": {"executed_lines": [297], "summary": {"covered_lines": 1, "num_statements": 1, "percent_covered": 100.0, "percent_covered_display": "100", "missing_lines": 0, "excluded_lines": 0, "percent_statements_covered": 100.0, "percent_statements_covered_display": "100"}, "missing_lines": [], "excluded_lines": [], "start_line": 291}, "FailureModeDetector._is_simple_extraction": {"executed_lines": [308], "summary": {"covered_lines": 1, "num_statements": 1, "percent_covered": 100.0, "percent_covered_display": "100", "missing_lines": 0, "excluded_lines": 0, "percent_statements_covered": 100.0, "percent_statements_covered_display": "100"}, "missing_lines": [], "excluded_lines": [], "start_line": 300}, "FailureModeDetector._is_schema_too_constrained": {"executed_lines": [324, 325, 328, 329], "summary": {"covered_lines": 4, "num_statements": 4, "percent_covered": 100.0, "percent_covered_display": "100", "missing_lines": 0, "excluded_lines": 0, "percent_statements_covered": 100.0, "percent_statements_covered_display": "100"}, "missing_lines": [], "excluded_lines": [], "start_line": 311}, "FailureModeDetector._is_template_fill": {"executed_lines": [340], "summary": {"covered_lines": 1, "num_statements": 1, "percent_covered": 100.0, "percent_covered_display": "100", "missing_lines": 0, "excluded_lines": 0, "percent_statements_covered": 100.0, "percent_statements_covered_display": "100"}, "missing_lines": [], "excluded_lines": [], "start_line": 332}, "FailureModeDetector._is_ambiguous_schema": {"executed_lines": [351], "summary": {"covered_lines": 1, "num_statements": 1, "percent_covered": 100.0, "percent_covered_display": "100", "missing_lines": 0, "excluded_lines": 0, "percent_statements_covered": 100.0, "percent_statements_covered_display": "100"}, "missing_lines": [], "excluded_lines": [], "start_line": 343}, "_count_enum_values": {"executed_lines": [361, 364, 367, 368, 369, 372, 373, 374, 375, 376, 378, 379, 380, 383, 384, 385, 386, 387, 389], "summary": {"covered_lines": 19, "num_statements": 21, "percent_covered": 90.47619047619048, "percent_covered_display": "90", "missing_lines": 2, "excluded_lines": 0, "percent_statements_covered": 90.47619047619048, "percent_statements_covered_display": "90"}, "missing_lines": [362, 381], "excluded_lines": [], "start_line": 359}, "": {"executed_lines": [23, 25, 26, 28, 29, 31, 42, 58, 66, 82, 86, 87, 90, 122, 154, 182, 234, 274, 275, 290, 291, 299, 300, 310, 311, 331, 332, 342, 343, 359], "summary": {"covered_lines": 30, "num_statements": 30, "percent_covered": 100.0, "percent_covered_display": "100", "missing_lines": 0, "excluded_lines": 0, "percent_statements_covered": 100.0, "percent_statements_covered_display": "100"}, "missing_lines": [], "excluded_lines": [], "start_line": 1}}, "classes": {"FailureModeDetector": {"executed_lines": [145, 146, 180, 210, 212, 213, 214, 222, 223, 226, 227, 228, 240, 242, 243, 245, 246, 248, 249, 251, 252, 254, 255, 257, 258, 260, 261, 268, 281, 283, 286, 288, 297, 308, 324, 325, 328, 329, 340, 351], "summary": {"covered_lines": 40, "num_statements": 44, "percent_covered": 90.9090909090909, "percent_covered_display": "91", "missing_lines": 4, "excluded_lines": 0, "percent_statements_covered": 90.9090909090909, "percent_statements_covered_display": "91"}, "missing_lines": [147, 148, 152, 284], "excluded_lines": [], "start_line": 90}, "": {"executed_lines": [23, 25, 26, 28, 29, 31, 42, 58, 66, 82, 86, 87, 90, 122, 154, 182, 234, 274, 275, 290, 291, 299, 300, 310, 311, 331, 332, 342, 343, 359, 361, 364, 367, 368, 369, 372, 373, 374, 375, 376, 378, 379, 380, 383, 384, 385, 386, 387, 389], "summary": {"covered_lines": 49, "num_statements": 51, "percent_covered": 96.07843137254902, "percent_covered_display": "96", "missing_lines": 2, "excluded_lines": 0, "percent_statements_covered": 96.07843137254902, "percent_statements_covered_display": "96"}, "missing_lines": [362, 381], "excluded_lines": [], "start_line": 1}}}, "src\\formatshield\\ttf\\prompts.py": {"executed_lines": [22, 24, 30, 38, 48, 64, 71, 76, 90, 111, 114, 148, 151, 153, 154, 155, 157, 159, 168, 184, 187, 219, 223, 224, 225, 228, 232, 233, 234, 237], "summary": {"covered_lines": 30, "num_statements": 30, "percent_covered": 100.0, "percent_covered_display": "100", "missing_lines": 0, "excluded_lines": 0, "percent_statements_covered": 100.0, "percent_statements_covered_display": "100"}, "missing_lines": [], "excluded_lines": [], "functions": {"build_think_prompt": {"executed_lines": [111], "summary": {"covered_lines": 1, "num_statements": 1, "percent_covered": 100.0, "percent_covered_display": "100", "missing_lines": 0, "excluded_lines": 0, "percent_statements_covered": 100.0, "percent_statements_covered_display": "100"}, "missing_lines": [], "excluded_lines": [], "start_line": 90}, "build_format_prompt": {"executed_lines": [148, 151, 153, 154, 155, 157, 159], "summary": {"covered_lines": 7, "num_statements": 7, "percent_covered": 100.0, "percent_covered_display": "100", "missing_lines": 0, "excluded_lines": 0, "percent_statements_covered": 100.0, "percent_statements_covered_display": "100"}, "missing_lines": [], "excluded_lines": [], "start_line": 114}, "build_extraction_think_prompt": {"executed_lines": [184], "summary": {"covered_lines": 1, "num_statements": 1, "percent_covered": 100.0, "percent_covered_display": "100", "missing_lines": 0, "excluded_lines": 0, "percent_statements_covered": 100.0, "percent_statements_covered_display": "100"}, "missing_lines": [], "excluded_lines": [], "start_line": 168}, "extract_thinking": {"executed_lines": [219, 223, 224, 225, 228, 232, 233, 234, 237], "summary": {"covered_lines": 9, "num_statements": 9, "percent_covered": 100.0, "percent_covered_display": "100", "missing_lines": 0, "excluded_lines": 0, "percent_statements_covered": 100.0, "percent_statements_covered_display": "100"}, "missing_lines": [], "excluded_lines": [], "start_line": 187}, "": {"executed_lines": [22, 24, 30, 38, 48, 64, 71, 76, 90, 114, 168, 187], "summary": {"covered_lines": 12, "num_statements": 12, "percent_covered": 100.0, "percent_covered_display": "100", "missing_lines": 0, "excluded_lines": 0, "percent_statements_covered": 100.0, "percent_statements_covered_display": "100"}, "missing_lines": [], "excluded_lines": [], "start_line": 1}}, "classes": {"": {"executed_lines": [22, 24, 30, 38, 48, 64, 71, 76, 90, 111, 114, 148, 151, 153, 154, 155, 157, 159, 168, 184, 187, 219, 223, 224, 225, 228, 232, 233, 234, 237], "summary": {"covered_lines": 30, "num_statements": 30, "percent_covered": 100.0, "percent_covered_display": "100", "missing_lines": 0, "excluded_lines": 0, "percent_statements_covered": 100.0, "percent_statements_covered_display": "100"}, "missing_lines": [], "excluded_lines": [], "start_line": 1}}}}, "totals": {"covered_lines": 2193, "num_statements": 2746, "percent_covered": 79.86161689730517, "percent_covered_display": "80", "missing_lines": 553, "excluded_lines": 19, "percent_statements_covered": 79.86161689730517, "percent_statements_covered_display": "80"}}